<html>
<head>
<title>TestNG:  Test</title>
<link href="../testng.css" rel="stylesheet" type="text/css" />
<link href="../my-testng.css" rel="stylesheet" type="text/css" />

<style type="text/css">
.log { display: none;} 
.stack-trace { display: none;} 
</style>
<script type="text/javascript">
<!--
function flip(e) {
  current = e.style.display;
  if (current == 'block') {
    e.style.display = 'none';
    return 0;
  }
  else {
    e.style.display = 'block';
    return 1;
  }
}

function toggleBox(szDivId, elem, msg1, msg2)
{
  var res = -1;  if (document.getElementById) {
    res = flip(document.getElementById(szDivId));
  }
  else if (document.all) {
    // this is the way old msie versions work
    res = flip(document.all[szDivId]);
  }
  if(elem) {
    if(res == 0) elem.innerHTML = msg1; else elem.innerHTML = msg2;
  }

}

function toggleAllBoxes() {
  if (document.getElementsByTagName) {
    d = document.getElementsByTagName('div');
    for (i = 0; i < d.length; i++) {
      if (d[i].className == 'log') {
        flip(d[i]);
      }
    }
  }
}

// -->
</script>

</head>
<body>
<h2 align='center'>Test</h2><table border='1' align="center">
<tr>
<td>Tests passed/Failed/Skipped:</td><td>21/2/0</td>
</tr><tr>
<td>Started on:</td><td>Thu Jul 31 23:46:40 IST 2025</td>
</tr>
<tr><td>Total time:</td><td>172 seconds (172978 ms)</td>
</tr><tr>
<td>Included groups:</td><td></td>
</tr><tr>
<td>Excluded groups:</td><td></td>
</tr>
</table><p/>
<small><i>(Hover the method name to see the test class name)</i></small><p/>
<table width='100%' border='1' class='invocation-failed'>
<tr><td colspan='4' align='center'><b>FAILED TESTS</b></td></tr>
<tr><td><b>Test method</b></td>
<td><b>Attribute(s)</b></td>
<td width="30%"><b>Exception</b></td>
<td width="10%"><b>Time (seconds)</b></td>
<td><b>Instance</b></td>
</tr>
<tr>
<td title='com.SnapDeals.Tests.RegisterTest.Register()'><b>Register</b><br>Test class: com.SnapDeals.Tests.RegisterTest</td>
<td><div><pre>org.openqa.selenium.TimeoutException: Expected condition failed: waiting for element to be clickable: By.id: j_username_new (tried for 10 second(s) with 500 milliseconds interval)
Build info: version: &apos;4.33.0&apos;, revision: &apos;2c6aaad03a&apos;
System info: os.name: &apos;Windows 11&apos;, os.arch: &apos;amd64&apos;, os.version: &apos;10.0&apos;, java.version: &apos;17.0.12&apos;
Driver info: org.openqa.selenium.chrome.ChromeDriver
Capabilities {acceptInsecureCerts: false, browserName: chrome, browserVersion: 138.0.7204.183, chrome: {chromedriverVersion: 138.0.7204.183 (e90faf484dd..., userDataDir: C:\Users\NAVYAS~1\AppData\L...}, fedcm:accounts: true, goog:chromeOptions: {debuggerAddress: localhost:53590}, networkConnectionEnabled: false, pageLoadStrategy: normal, platformName: windows, proxy: Proxy(), se:cdp: ws://localhost:53590/devtoo..., se:cdpVersion: 138.0.7204.183, setWindowRect: true, strictFileInteractability: false, timeouts: {implicit: 0, pageLoad: 300000, script: 30000}, unhandledPromptBehavior: dismiss and notify, webauthn:extension:credBlob: true, webauthn:extension:largeBlob: true, webauthn:extension:minPinLength: true, webauthn:extension:prf: true, webauthn:virtualAuthenticators: true}
Session ID: 6d3be96a05d327449a5cf36279716556
	at org.openqa.selenium.support.ui.WebDriverWait.timeoutException(WebDriverWait.java:84)
	at org.openqa.selenium.support.ui.FluentWait.until(FluentWait.java:228)
	at com.SnapDeals.Pages.RegisterPage.emailEle(RegisterPage.java:70)
	at com.SnapDeals.Tests.RegisterTest.Register(RegisterTest.java:17)
	at java.base/java.util.ArrayList.forEach(ArrayList.java:1511)
... Removed 27 stack frames</pre></div><a href='#' onClick='toggleBox("stack-trace1857562888", this, "Click to show all stack frames", "Click to hide stack frames")'>Click to show all stack frames</a>
<div class='stack-trace' id='stack-trace1857562888'><pre>org.openqa.selenium.TimeoutException: Expected condition failed: waiting for element to be clickable: By.id: j_username_new (tried for 10 second(s) with 500 milliseconds interval)
Build info: version: &apos;4.33.0&apos;, revision: &apos;2c6aaad03a&apos;
System info: os.name: &apos;Windows 11&apos;, os.arch: &apos;amd64&apos;, os.version: &apos;10.0&apos;, java.version: &apos;17.0.12&apos;
Driver info: org.openqa.selenium.chrome.ChromeDriver
Capabilities {acceptInsecureCerts: false, browserName: chrome, browserVersion: 138.0.7204.183, chrome: {chromedriverVersion: 138.0.7204.183 (e90faf484dd..., userDataDir: C:\Users\NAVYAS~1\AppData\L...}, fedcm:accounts: true, goog:chromeOptions: {debuggerAddress: localhost:53590}, networkConnectionEnabled: false, pageLoadStrategy: normal, platformName: windows, proxy: Proxy(), se:cdp: ws://localhost:53590/devtoo..., se:cdpVersion: 138.0.7204.183, setWindowRect: true, strictFileInteractability: false, timeouts: {implicit: 0, pageLoad: 300000, script: 30000}, unhandledPromptBehavior: dismiss and notify, webauthn:extension:credBlob: true, webauthn:extension:largeBlob: true, webauthn:extension:minPinLength: true, webauthn:extension:prf: true, webauthn:virtualAuthenticators: true}
Session ID: 6d3be96a05d327449a5cf36279716556
	at org.openqa.selenium.support.ui.WebDriverWait.timeoutException(WebDriverWait.java:84)
	at org.openqa.selenium.support.ui.FluentWait.until(FluentWait.java:228)
	at com.SnapDeals.Pages.RegisterPage.emailEle(RegisterPage.java:70)
	at com.SnapDeals.Tests.RegisterTest.Register(RegisterTest.java:17)
	at java.base/jdk.internal.reflect.NativeMethodAccessorImpl.invoke0(Native Method)
	at java.base/jdk.internal.reflect.NativeMethodAccessorImpl.invoke(NativeMethodAccessorImpl.java:77)
	at java.base/jdk.internal.reflect.DelegatingMethodAccessorImpl.invoke(DelegatingMethodAccessorImpl.java:43)
	at java.base/java.lang.reflect.Method.invoke(Method.java:568)
	at org.testng.internal.invokers.MethodInvocationHelper.invokeMethod(MethodInvocationHelper.java:141)
	at org.testng.internal.invokers.TestInvoker.invokeMethod(TestInvoker.java:687)
	at org.testng.internal.invokers.TestInvoker.invokeTestMethod(TestInvoker.java:230)
	at org.testng.internal.invokers.MethodRunner.runInSequence(MethodRunner.java:63)
	at org.testng.internal.invokers.TestInvoker$MethodInvocationAgent.invoke(TestInvoker.java:995)
	at org.testng.internal.invokers.TestInvoker.invokeTestMethods(TestInvoker.java:203)
	at org.testng.internal.invokers.TestMethodWorker.invokeTestMethods(TestMethodWorker.java:154)
	at org.testng.internal.invokers.TestMethodWorker.run(TestMethodWorker.java:134)
	at java.base/java.util.ArrayList.forEach(ArrayList.java:1511)
	at org.testng.TestRunner.privateRun(TestRunner.java:741)
	at org.testng.TestRunner.run(TestRunner.java:616)
	at org.testng.SuiteRunner.runTest(SuiteRunner.java:421)
	at org.testng.SuiteRunner.runSequentially(SuiteRunner.java:413)
	at org.testng.SuiteRunner.privateRun(SuiteRunner.java:373)
	at org.testng.SuiteRunner.run(SuiteRunner.java:312)
	at org.testng.SuiteRunnerWorker.runSuite(SuiteRunnerWorker.java:52)
	at org.testng.SuiteRunnerWorker.run(SuiteRunnerWorker.java:95)
	at org.testng.TestNG.runSuitesSequentially(TestNG.java:1274)
	at org.testng.TestNG.runSuitesLocally(TestNG.java:1208)
	at org.testng.TestNG.runSuites(TestNG.java:1112)
	at org.testng.TestNG.run(TestNG.java:1079)
	at org.testng.remote.AbstractRemoteTestNG.run(AbstractRemoteTestNG.java:115)
	at org.testng.remote.RemoteTestNG.initAndRun(RemoteTestNG.java:293)
	at org.testng.remote.RemoteTestNG.main(RemoteTestNG.java:91)
</pre></div></td>
<td>14</td>
<td>com.SnapDeals.Tests.RegisterTest@707194ba</td></tr>
<tr>
<td title='com.SnapDeals.Tests.CartTest.incQuantity()'><b>incQuantity</b><br>Test class: com.SnapDeals.Tests.CartTest</td>
<td><div><pre>org.openqa.selenium.StaleElementReferenceException: stale element reference: stale element not found in the current frame
  (Session info: chrome=138.0.7204.183)
For documentation on this error, please visit: https://www.selenium.dev/documentation/webdriver/troubleshooting/errors#stale-element-reference-exception
Build info: version: &apos;4.33.0&apos;, revision: &apos;2c6aaad03a&apos;
System info: os.name: &apos;Windows 11&apos;, os.arch: &apos;amd64&apos;, os.version: &apos;10.0&apos;, java.version: &apos;17.0.12&apos;
Driver info: org.openqa.selenium.chrome.ChromeDriver
Command: [a14493700c4ea1e150573dd393a855c1, clickElement {id=f.68A5204C5370263992EDF66EDE593D5D.d.51835E6113638BCE5867CA485EFC1D10.e.209}]
Capabilities {acceptInsecureCerts: false, browserName: chrome, browserVersion: 138.0.7204.183, chrome: {chromedriverVersion: 138.0.7204.183 (e90faf484dd..., userDataDir: C:\Users\NAVYAS~1\AppData\L...}, fedcm:accounts: true, goog:chromeOptions: {debuggerAddress: localhost:54099}, networkConnectionEnabled: false, pageLoadStrategy: normal, platformName: windows, proxy: Proxy(), se:cdp: ws://localhost:54099/devtoo..., se:cdpVersion: 138.0.7204.183, setWindowRect: true, strictFileInteractability: false, timeouts: {implicit: 0, pageLoad: 300000, script: 30000}, unhandledPromptBehavior: dismiss and notify, webauthn:extension:credBlob: true, webauthn:extension:largeBlob: true, webauthn:extension:minPinLength: true, webauthn:extension:prf: true, webauthn:virtualAuthenticators: true}
Element: [[ChromeDriver: chrome on windows (a14493700c4ea1e150573dd393a855c1)] -&gt; css selector: div.styledSelect.item-quantity]
Session ID: a14493700c4ea1e150573dd393a855c1
	at org.openqa.selenium.remote.ErrorCodec.decode(ErrorCodec.java:167)
	at org.openqa.selenium.remote.codec.w3c.W3CHttpResponseCodec.decode(W3CHttpResponseCodec.java:138)
	at org.openqa.selenium.remote.codec.w3c.W3CHttpResponseCodec.decode(W3CHttpResponseCodec.java:50)
	at org.openqa.selenium.remote.HttpCommandExecutor.execute(HttpCommandExecutor.java:215)
	at org.openqa.selenium.remote.service.DriverCommandExecutor.invokeExecute(DriverCommandExecutor.java:216)
	at org.openqa.selenium.remote.service.DriverCommandExecutor.execute(DriverCommandExecutor.java:174)
	at org.openqa.selenium.remote.RemoteWebDriver.execute(RemoteWebDriver.java:544)
	at org.openqa.selenium.remote.RemoteWebElement.execute(RemoteWebElement.java:223)
	at org.openqa.selenium.remote.RemoteWebElement.click(RemoteWebElement.java:76)
	at com.SnapDeals.Tests.CartTest.incQuantity(CartTest.java:79)
	at java.base/java.util.ArrayList.forEach(ArrayList.java:1511)
... Removed 32 stack frames</pre></div><a href='#' onClick='toggleBox("stack-trace1648938923", this, "Click to show all stack frames", "Click to hide stack frames")'>Click to show all stack frames</a>
<div class='stack-trace' id='stack-trace1648938923'><pre>org.openqa.selenium.StaleElementReferenceException: stale element reference: stale element not found in the current frame
  (Session info: chrome=138.0.7204.183)
For documentation on this error, please visit: https://www.selenium.dev/documentation/webdriver/troubleshooting/errors#stale-element-reference-exception
Build info: version: &apos;4.33.0&apos;, revision: &apos;2c6aaad03a&apos;
System info: os.name: &apos;Windows 11&apos;, os.arch: &apos;amd64&apos;, os.version: &apos;10.0&apos;, java.version: &apos;17.0.12&apos;
Driver info: org.openqa.selenium.chrome.ChromeDriver
Command: [a14493700c4ea1e150573dd393a855c1, clickElement {id=f.68A5204C5370263992EDF66EDE593D5D.d.51835E6113638BCE5867CA485EFC1D10.e.209}]
Capabilities {acceptInsecureCerts: false, browserName: chrome, browserVersion: 138.0.7204.183, chrome: {chromedriverVersion: 138.0.7204.183 (e90faf484dd..., userDataDir: C:\Users\NAVYAS~1\AppData\L...}, fedcm:accounts: true, goog:chromeOptions: {debuggerAddress: localhost:54099}, networkConnectionEnabled: false, pageLoadStrategy: normal, platformName: windows, proxy: Proxy(), se:cdp: ws://localhost:54099/devtoo..., se:cdpVersion: 138.0.7204.183, setWindowRect: true, strictFileInteractability: false, timeouts: {implicit: 0, pageLoad: 300000, script: 30000}, unhandledPromptBehavior: dismiss and notify, webauthn:extension:credBlob: true, webauthn:extension:largeBlob: true, webauthn:extension:minPinLength: true, webauthn:extension:prf: true, webauthn:virtualAuthenticators: true}
Element: [[ChromeDriver: chrome on windows (a14493700c4ea1e150573dd393a855c1)] -&gt; css selector: div.styledSelect.item-quantity]
Session ID: a14493700c4ea1e150573dd393a855c1
	at java.base/jdk.internal.reflect.NativeConstructorAccessorImpl.newInstance0(Native Method)
	at java.base/jdk.internal.reflect.NativeConstructorAccessorImpl.newInstance(NativeConstructorAccessorImpl.java:77)
	at java.base/jdk.internal.reflect.DelegatingConstructorAccessorImpl.newInstance(DelegatingConstructorAccessorImpl.java:45)
	at java.base/java.lang.reflect.Constructor.newInstanceWithCaller(Constructor.java:499)
	at java.base/java.lang.reflect.Constructor.newInstance(Constructor.java:480)
	at org.openqa.selenium.remote.ErrorCodec.decode(ErrorCodec.java:167)
	at org.openqa.selenium.remote.codec.w3c.W3CHttpResponseCodec.decode(W3CHttpResponseCodec.java:138)
	at org.openqa.selenium.remote.codec.w3c.W3CHttpResponseCodec.decode(W3CHttpResponseCodec.java:50)
	at org.openqa.selenium.remote.HttpCommandExecutor.execute(HttpCommandExecutor.java:215)
	at org.openqa.selenium.remote.service.DriverCommandExecutor.invokeExecute(DriverCommandExecutor.java:216)
	at org.openqa.selenium.remote.service.DriverCommandExecutor.execute(DriverCommandExecutor.java:174)
	at org.openqa.selenium.remote.RemoteWebDriver.execute(RemoteWebDriver.java:544)
	at org.openqa.selenium.remote.RemoteWebElement.execute(RemoteWebElement.java:223)
	at org.openqa.selenium.remote.RemoteWebElement.click(RemoteWebElement.java:76)
	at com.SnapDeals.Tests.CartTest.incQuantity(CartTest.java:79)
	at java.base/jdk.internal.reflect.NativeMethodAccessorImpl.invoke0(Native Method)
	at java.base/jdk.internal.reflect.NativeMethodAccessorImpl.invoke(NativeMethodAccessorImpl.java:77)
	at java.base/jdk.internal.reflect.DelegatingMethodAccessorImpl.invoke(DelegatingMethodAccessorImpl.java:43)
	at java.base/java.lang.reflect.Method.invoke(Method.java:568)
	at org.testng.internal.invokers.MethodInvocationHelper.invokeMethod(MethodInvocationHelper.java:141)
	at org.testng.internal.invokers.TestInvoker.invokeMethod(TestInvoker.java:687)
	at org.testng.internal.invokers.TestInvoker.invokeTestMethod(TestInvoker.java:230)
	at org.testng.internal.invokers.MethodRunner.runInSequence(MethodRunner.java:63)
	at org.testng.internal.invokers.TestInvoker$MethodInvocationAgent.invoke(TestInvoker.java:995)
	at org.testng.internal.invokers.TestInvoker.invokeTestMethods(TestInvoker.java:203)
	at org.testng.internal.invokers.TestMethodWorker.invokeTestMethods(TestMethodWorker.java:154)
	at org.testng.internal.invokers.TestMethodWorker.run(TestMethodWorker.java:134)
	at java.base/java.util.ArrayList.forEach(ArrayList.java:1511)
	at org.testng.TestRunner.privateRun(TestRunner.java:741)
	at org.testng.TestRunner.run(TestRunner.java:616)
	at org.testng.SuiteRunner.runTest(SuiteRunner.java:421)
	at org.testng.SuiteRunner.runSequentially(SuiteRunner.java:413)
	at org.testng.SuiteRunner.privateRun(SuiteRunner.java:373)
	at org.testng.SuiteRunner.run(SuiteRunner.java:312)
	at org.testng.SuiteRunnerWorker.runSuite(SuiteRunnerWorker.java:52)
	at org.testng.SuiteRunnerWorker.run(SuiteRunnerWorker.java:95)
	at org.testng.TestNG.runSuitesSequentially(TestNG.java:1274)
	at org.testng.TestNG.runSuitesLocally(TestNG.java:1208)
	at org.testng.TestNG.runSuites(TestNG.java:1112)
	at org.testng.TestNG.run(TestNG.java:1079)
	at org.testng.remote.AbstractRemoteTestNG.run(AbstractRemoteTestNG.java:115)
	at org.testng.remote.RemoteTestNG.initAndRun(RemoteTestNG.java:293)
	at org.testng.remote.RemoteTestNG.main(RemoteTestNG.java:91)
</pre></div></td>
<td>0</td>
<td>com.SnapDeals.Tests.CartTest@2d2ffcb7</td></tr>
</table><p>
<table width='100%' border='1' class='invocation-passed'>
<tr><td colspan='4' align='center'><b>PASSED TESTS</b></td></tr>
<tr><td><b>Test method</b></td>
<td><b>Attribute(s)</b></td>
<td width="30%"><b>Exception</b></td>
<td width="10%"><b>Time (seconds)</b></td>
<td><b>Instance</b></td>
</tr>
<tr>
<td title='com.SnapDeals.Tests.MenSelectionTest.loginToSnapdeal()'><b>loginToSnapdeal</b><br>Test class: com.SnapDeals.Tests.MenSelectionTest</td>
<td></td>
<td>40</td>
<td>com.SnapDeals.Tests.MenSelectionTest@63070bab</td></tr>
<tr>
<td title='com.SnapDeals.Tests.MenSelectionTest.itemSelectionCheck()'><b>itemSelectionCheck</b><br>Test class: com.SnapDeals.Tests.MenSelectionTest</td>
<td></td>
<td>2</td>
<td>com.SnapDeals.Tests.MenSelectionTest@63070bab</td></tr>
<tr>
<td title='com.SnapDeals.Tests.CartTest.proceed()'><b>proceed</b><br>Test class: com.SnapDeals.Tests.CartTest</td>
<td></td>
<td>0</td>
<td>com.SnapDeals.Tests.CartTest@2d2ffcb7</td></tr>
<tr>
<td title='com.SnapDeals.Tests.LoginTest.loginPageCheck()'><b>loginPageCheck</b><br>Test class: com.SnapDeals.Tests.LoginTest</td>
<td></td>
<td>1</td>
<td>com.SnapDeals.Tests.LoginTest@38e79ae3</td></tr>
<tr>
<td title='com.SnapDeals.Tests.MenSelectionTest.menSelectionCheck()'><b>menSelectionCheck</b><br>Test class: com.SnapDeals.Tests.MenSelectionTest</td>
<td></td>
<td>6</td>
<td>com.SnapDeals.Tests.MenSelectionTest@63070bab</td></tr>
<tr>
<td title='com.SnapDeals.Tests.MenSelectionTest.itemAddedToCartCheck()'><b>itemAddedToCartCheck</b><br>Test class: com.SnapDeals.Tests.MenSelectionTest</td>
<td></td>
<td>1</td>
<td>com.SnapDeals.Tests.MenSelectionTest@63070bab</td></tr>
<tr>
<td title='com.SnapDeals.Tests.SearchTest.searchText()'><b>searchText</b><br>Test class: com.SnapDeals.Tests.SearchTest</td>
<td></td>
<td>0</td>
<td>com.SnapDeals.Tests.SearchTest@291b4bf5</td></tr>
<tr>
<td title='com.SnapDeals.Tests.SearchTest.sortBy()'><b>sortBy</b><br>Test class: com.SnapDeals.Tests.SearchTest</td>
<td></td>
<td>0</td>
<td>com.SnapDeals.Tests.SearchTest@291b4bf5</td></tr>
<tr>
<td title='com.SnapDeals.Tests.SearchTest.addItemToCart()'><b>addItemToCart</b><br>Test class: com.SnapDeals.Tests.SearchTest</td>
<td></td>
<td>1</td>
<td>com.SnapDeals.Tests.SearchTest@291b4bf5</td></tr>
<tr>
<td title='com.SnapDeals.Tests.SearchTest.search()'><b>search</b><br>Test class: com.SnapDeals.Tests.SearchTest</td>
<td></td>
<td>2</td>
<td>com.SnapDeals.Tests.SearchTest@291b4bf5</td></tr>
<tr>
<td title='com.SnapDeals.Tests.LoginTest.FieldCheck()'><b>FieldCheck</b><br>Test class: com.SnapDeals.Tests.LoginTest</td>
<td></td>
<td>0</td>
<td>com.SnapDeals.Tests.LoginTest@38e79ae3</td></tr>
<tr>
<td title='com.SnapDeals.Tests.CartTest.loginToSnapdeal()'><b>loginToSnapdeal</b><br>Test class: com.SnapDeals.Tests.CartTest</td>
<td></td>
<td>40</td>
<td>com.SnapDeals.Tests.CartTest@2d2ffcb7</td></tr>
<tr>
<td title='com.SnapDeals.Tests.LoginTest.LoginCheck()'><b>LoginCheck</b><br>Test class: com.SnapDeals.Tests.LoginTest<br>Parameters: 6304123745</td>
<td></td>
<td>37</td>
<td>com.SnapDeals.Tests.LoginTest@38e79ae3</td></tr>
<tr>
<td title='com.SnapDeals.Tests.MenSelectionTest.selectDiscountCheck()'><b>selectDiscountCheck</b><br>Test class: com.SnapDeals.Tests.MenSelectionTest</td>
<td></td>
<td>0</td>
<td>com.SnapDeals.Tests.MenSelectionTest@63070bab</td></tr>
<tr>
<td title='com.SnapDeals.Tests.CartTest.editPincode()'><b>editPincode</b><br>Test class: com.SnapDeals.Tests.CartTest</td>
<td></td>
<td>0</td>
<td>com.SnapDeals.Tests.CartTest@2d2ffcb7</td></tr>
<tr>
<td title='com.SnapDeals.Tests.MenSelectionTest.zipFilterCheck()'><b>zipFilterCheck</b><br>Test class: com.SnapDeals.Tests.MenSelectionTest</td>
<td></td>
<td>0</td>
<td>com.SnapDeals.Tests.MenSelectionTest@63070bab</td></tr>
<tr>
<td title='com.SnapDeals.Tests.CartTest.cartIcon()'><b>cartIcon</b><br>Test class: com.SnapDeals.Tests.CartTest</td>
<td></td>
<td>0</td>
<td>com.SnapDeals.Tests.CartTest@2d2ffcb7</td></tr>
<tr>
<td title='com.SnapDeals.Tests.CartTest.openCart()'><b>openCart</b><br>Test class: com.SnapDeals.Tests.CartTest</td>
<td></td>
<td>4</td>
<td>com.SnapDeals.Tests.CartTest@2d2ffcb7</td></tr>
<tr>
<td title='com.SnapDeals.Tests.SearchTest.searchButton()'><b>searchButton</b><br>Test class: com.SnapDeals.Tests.SearchTest</td>
<td></td>
<td>0</td>
<td>com.SnapDeals.Tests.SearchTest@291b4bf5</td></tr>
<tr>
<td title='com.SnapDeals.Tests.LoginTest.websiteCheck()'><b>websiteCheck</b><br>Test class: com.SnapDeals.Tests.LoginTest</td>
<td></td>
<td>0</td>
<td>com.SnapDeals.Tests.LoginTest@38e79ae3</td></tr>
<tr>
<td title='com.SnapDeals.Tests.SearchTest.chooseItem()'><b>chooseItem</b><br>Test class: com.SnapDeals.Tests.SearchTest</td>
<td></td>
<td>2</td>
<td>com.SnapDeals.Tests.SearchTest@291b4bf5</td></tr>
</table><p>
</body>
</html>