<?xml version="1.0" encoding="UTF-8"?>
<!-- Generated by org.testng.reporters.JUnitXMLReporter -->
<<<<<<< HEAD
<testsuite ignored="2" hostname="HP-14dv2" failures="0" tests="10" name="Test" time="102.538" errors="0" timestamp="2025-07-28T21:25:37 IST">
  <testcase classname="com.SnapDeals.Tests.LoginTest" name="websiteCheck" time="0.088"/>
  <testcase classname="com.SnapDeals.Tests.LoginTest" name="loginPageCheck" time="1.317"/>
  <testcase classname="com.SnapDeals.Tests.LoginTest" name="FieldCheck" time="0.055"/>
  <testcase classname="com.SnapDeals.Tests.LoginTest" name="LoginCheck" time="37.618"/>
  <testcase classname="com.SnapDeals.Tests.MenSelectionTest" name="loginToSnapdeal" time="41.305"/>
  <testcase classname="com.SnapDeals.Tests.MenSelectionTest" name="menSelectionCheck" time="7.796"/>
  <testcase classname="com.SnapDeals.Tests.MenSelectionTest" name="menOnlyFilterCheck" time="0.197"/>
  <testcase classname="com.SnapDeals.Tests.MenSelectionTest" name="metalMaterialCheck" time="1.085"/>
  <testcase classname="com.SnapDeals.Tests.MenSelectionTest" name="itemSelectionCheck" time="3.371"/>
  <testcase classname="com.SnapDeals.Tests.MenSelectionTest" name="itemAddedToCartCheck" time="1.462"/>
=======
<testsuite ignored="8" hostname="HP-14dv2" failures="2" tests="23" name="Test" time="175.179" errors="0" timestamp="2025-07-31T22:06:22 IST">
  <testcase classname="com.SnapDeals.Tests.RegisterTest" name="Register" time="13.665">
    <failure type="org.openqa.selenium.TimeoutException" message="Expected condition failed: waiting for element to be clickable: By.id: j_username_new (tried for 10 second(s) with 500 milliseconds interval)
Build info: version: &amp;apos;4.33.0&amp;apos;, revision: &amp;apos;2c6aaad03a&amp;apos;
System info: os.name: &amp;apos;Windows 11&amp;apos;, os.arch: &amp;apos;amd64&amp;apos;, os.version: &amp;apos;10.0&amp;apos;, java.version: &amp;apos;21.0.4&amp;apos;
Driver info: org.openqa.selenium.chrome.ChromeDriver
Capabilities {acceptInsecureCerts: false, browserName: chrome, browserVersion: 138.0.7204.183, chrome: {chromedriverVersion: 138.0.7204.183 (e90faf484dd..., userDataDir: C:\Users\NAVYAS~1\AppData\L...}, fedcm:accounts: true, goog:chromeOptions: {debuggerAddress: localhost:57499}, networkConnectionEnabled: false, pageLoadStrategy: normal, platformName: windows, proxy: Proxy(), se:cdp: ws://localhost:57499/devtoo..., se:cdpVersion: 138.0.7204.183, setWindowRect: true, strictFileInteractability: false, timeouts: {implicit: 0, pageLoad: 300000, script: 30000}, unhandledPromptBehavior: dismiss and notify, webauthn:extension:credBlob: true, webauthn:extension:largeBlob: true, webauthn:extension:minPinLength: true, webauthn:extension:prf: true, webauthn:virtualAuthenticators: true}
Session ID: a5a2903cf8c0bfc70e1e9d53b6549aeb">
      <![CDATA[org.openqa.selenium.TimeoutException: Expected condition failed: waiting for element to be clickable: By.id: j_username_new (tried for 10 second(s) with 500 milliseconds interval)
Build info: version: '4.33.0', revision: '2c6aaad03a'
System info: os.name: 'Windows 11', os.arch: 'amd64', os.version: '10.0', java.version: '21.0.4'
Driver info: org.openqa.selenium.chrome.ChromeDriver
Capabilities {acceptInsecureCerts: false, browserName: chrome, browserVersion: 138.0.7204.183, chrome: {chromedriverVersion: 138.0.7204.183 (e90faf484dd..., userDataDir: C:\Users\NAVYAS~1\AppData\L...}, fedcm:accounts: true, goog:chromeOptions: {debuggerAddress: localhost:57499}, networkConnectionEnabled: false, pageLoadStrategy: normal, platformName: windows, proxy: Proxy(), se:cdp: ws://localhost:57499/devtoo..., se:cdpVersion: 138.0.7204.183, setWindowRect: true, strictFileInteractability: false, timeouts: {implicit: 0, pageLoad: 300000, script: 30000}, unhandledPromptBehavior: dismiss and notify, webauthn:extension:credBlob: true, webauthn:extension:largeBlob: true, webauthn:extension:minPinLength: true, webauthn:extension:prf: true, webauthn:virtualAuthenticators: true}
Session ID: a5a2903cf8c0bfc70e1e9d53b6549aeb
at org.openqa.selenium.support.ui.WebDriverWait.timeoutException(WebDriverWait.java:84)
at org.openqa.selenium.support.ui.FluentWait.until(FluentWait.java:228)
at com.SnapDeals.Pages.RegisterPage.emailEle(RegisterPage.java:69)
at com.SnapDeals.Tests.RegisterTest.Register(RegisterTest.java:17)
at java.base/java.util.ArrayList.forEach(ArrayList.java:1596)
... Removed 25 stack frames]]>
    </failure>
  </testcase> <!-- Register -->
  <testcase classname="com.SnapDeals.Tests.LoginTest" name="websiteCheck" time="0.042"/>
  <testcase classname="com.SnapDeals.Tests.LoginTest" name="loginPageCheck" time="0.973"/>
  <testcase classname="com.SnapDeals.Tests.LoginTest" name="FieldCheck" time="0.027"/>
  <testcase classname="com.SnapDeals.Tests.LoginTest" name="LoginCheck" time="37.234"/>
  <testcase classname="com.SnapDeals.Tests.MenSelectionTest" name="loginToSnapdeal" time="40.589"/>
  <testcase classname="com.SnapDeals.Tests.MenSelectionTest" name="menSelectionCheck" time="7.063"/>
  <testcase classname="com.SnapDeals.Tests.MenSelectionTest" name="zipFilterCheck" time="1.184"/>
  <testcase classname="com.SnapDeals.Tests.MenSelectionTest" name="selectDiscountCheck" time="0.991"/>
  <testcase classname="com.SnapDeals.Tests.MenSelectionTest" name="itemSelectionCheck" time="3.209"/>
  <testcase classname="com.SnapDeals.Tests.MenSelectionTest" name="itemAddedToCartCheck" time="1.577"/>
  <testcase classname="com.SnapDeals.Tests.SearchTest" name="searchText" time="0.032"/>
  <testcase classname="com.SnapDeals.Tests.SearchTest" name="searchButton" time="0.242"/>
  <testcase classname="com.SnapDeals.Tests.SearchTest" name="search" time="2.801"/>
  <testcase classname="com.SnapDeals.Tests.SearchTest" name="sortBy" time="0.16"/>
  <testcase classname="com.SnapDeals.Tests.SearchTest" name="chooseItem" time="3.592"/>
  <testcase classname="com.SnapDeals.Tests.SearchTest" name="addItemToCart" time="1.223"/>
  <testcase classname="com.SnapDeals.Tests.CartTest" name="loginToSnapdeal" time="40.569"/>
  <testcase classname="com.SnapDeals.Tests.CartTest" name="cartIcon" time="0.023"/>
  <testcase classname="com.SnapDeals.Tests.CartTest" name="openCart" time="4.414"/>
  <testcase classname="com.SnapDeals.Tests.CartTest" name="editPincode" time="0.324"/>
  <testcase classname="com.SnapDeals.Tests.CartTest" name="incQuantity" time="0.127">
    <failure type="org.openqa.selenium.StaleElementReferenceException" message="stale element reference: stale element not found in the current frame
  (Session info: chrome=138.0.7204.183)
For documentation on this error, please visit: https://www.selenium.dev/documentation/webdriver/troubleshooting/errors#stale-element-reference-exception
Build info: version: &amp;apos;4.33.0&amp;apos;, revision: &amp;apos;2c6aaad03a&amp;apos;
System info: os.name: &amp;apos;Windows 11&amp;apos;, os.arch: &amp;apos;amd64&amp;apos;, os.version: &amp;apos;10.0&amp;apos;, java.version: &amp;apos;21.0.4&amp;apos;
Driver info: org.openqa.selenium.chrome.ChromeDriver
Command: [f0769d2b835428bd88e49931104117e4, clickElement {id=f.8E6B7558D0F9CDB346604452614012D0.d.5787E99A6F9A3906C58FB3F81733A0A9.e.217}]
Capabilities {acceptInsecureCerts: false, browserName: chrome, browserVersion: 138.0.7204.183, chrome: {chromedriverVersion: 138.0.7204.183 (e90faf484dd..., userDataDir: C:\Users\NAVYAS~1\AppData\L...}, fedcm:accounts: true, goog:chromeOptions: {debuggerAddress: localhost:57948}, networkConnectionEnabled: false, pageLoadStrategy: normal, platformName: windows, proxy: Proxy(), se:cdp: ws://localhost:57948/devtoo..., se:cdpVersion: 138.0.7204.183, setWindowRect: true, strictFileInteractability: false, timeouts: {implicit: 0, pageLoad: 300000, script: 30000}, unhandledPromptBehavior: dismiss and notify, webauthn:extension:credBlob: true, webauthn:extension:largeBlob: true, webauthn:extension:minPinLength: true, webauthn:extension:prf: true, webauthn:virtualAuthenticators: true}
Element: [[ChromeDriver: chrome on windows (f0769d2b835428bd88e49931104117e4)] -&amp;gt; css selector: div.styledSelect.item-quantity]
Session ID: f0769d2b835428bd88e49931104117e4">
      <![CDATA[org.openqa.selenium.StaleElementReferenceException: stale element reference: stale element not found in the current frame
  (Session info: chrome=138.0.7204.183)
For documentation on this error, please visit: https://www.selenium.dev/documentation/webdriver/troubleshooting/errors#stale-element-reference-exception
Build info: version: '4.33.0', revision: '2c6aaad03a'
System info: os.name: 'Windows 11', os.arch: 'amd64', os.version: '10.0', java.version: '21.0.4'
Driver info: org.openqa.selenium.chrome.ChromeDriver
Command: [f0769d2b835428bd88e49931104117e4, clickElement {id=f.8E6B7558D0F9CDB346604452614012D0.d.5787E99A6F9A3906C58FB3F81733A0A9.e.217}]
Capabilities {acceptInsecureCerts: false, browserName: chrome, browserVersion: 138.0.7204.183, chrome: {chromedriverVersion: 138.0.7204.183 (e90faf484dd..., userDataDir: C:\Users\NAVYAS~1\AppData\L...}, fedcm:accounts: true, goog:chromeOptions: {debuggerAddress: localhost:57948}, networkConnectionEnabled: false, pageLoadStrategy: normal, platformName: windows, proxy: Proxy(), se:cdp: ws://localhost:57948/devtoo..., se:cdpVersion: 138.0.7204.183, setWindowRect: true, strictFileInteractability: false, timeouts: {implicit: 0, pageLoad: 300000, script: 30000}, unhandledPromptBehavior: dismiss and notify, webauthn:extension:credBlob: true, webauthn:extension:largeBlob: true, webauthn:extension:minPinLength: true, webauthn:extension:prf: true, webauthn:virtualAuthenticators: true}
Element: [[ChromeDriver: chrome on windows (f0769d2b835428bd88e49931104117e4)] -> css selector: div.styledSelect.item-quantity]
Session ID: f0769d2b835428bd88e49931104117e4
at org.openqa.selenium.remote.ErrorCodec.decode(ErrorCodec.java:167)
at org.openqa.selenium.remote.codec.w3c.W3CHttpResponseCodec.decode(W3CHttpResponseCodec.java:138)
at org.openqa.selenium.remote.codec.w3c.W3CHttpResponseCodec.decode(W3CHttpResponseCodec.java:50)
at org.openqa.selenium.remote.HttpCommandExecutor.execute(HttpCommandExecutor.java:215)
at org.openqa.selenium.remote.service.DriverCommandExecutor.invokeExecute(DriverCommandExecutor.java:216)
at org.openqa.selenium.remote.service.DriverCommandExecutor.execute(DriverCommandExecutor.java:174)
at org.openqa.selenium.remote.RemoteWebDriver.execute(RemoteWebDriver.java:544)
at org.openqa.selenium.remote.RemoteWebElement.execute(RemoteWebElement.java:223)
at org.openqa.selenium.remote.RemoteWebElement.click(RemoteWebElement.java:76)
at com.SnapDeals.Tests.CartTest.incQuantity(CartTest.java:79)
at java.base/java.util.ArrayList.forEach(ArrayList.java:1596)
... Removed 28 stack frames]]>
    </failure>
  </testcase> <!-- incQuantity -->
  <testcase classname="com.SnapDeals.Tests.CartTest" name="proceed" time="0.104"/>
  <testcase classname="com.SnapDeals.Base.BaseTest" name="@BeforeSuite setupSuite" time="0.0">
    <ignored/>
  </testcase> <!-- @BeforeSuite setupSuite -->
  <testcase classname="com.SnapDeals.Base.BaseTest" name="@AfterSuite tearDownSuite" time="0.0">
    <ignored/>
  </testcase> <!-- @AfterSuite tearDownSuite -->
  <testcase classname="com.SnapDeals.Base.BaseTest" name="@BeforeSuite setupSuite" time="0.0">
    <ignored/>
  </testcase> <!-- @BeforeSuite setupSuite -->
  <testcase classname="com.SnapDeals.Base.BaseTest" name="@AfterSuite tearDownSuite" time="0.0">
    <ignored/>
  </testcase> <!-- @AfterSuite tearDownSuite -->
  <testcase classname="com.SnapDeals.Base.BaseTest" name="@BeforeSuite setupSuite" time="0.0">
    <ignored/>
  </testcase> <!-- @BeforeSuite setupSuite -->
  <testcase classname="com.SnapDeals.Base.BaseTest" name="@AfterSuite tearDownSuite" time="0.0">
    <ignored/>
  </testcase> <!-- @AfterSuite tearDownSuite -->
>>>>>>> 59de8ca (Final Push)
  <testcase classname="com.SnapDeals.Base.BaseTest" name="@BeforeSuite setupSuite" time="0.0">
    <ignored/>
  </testcase> <!-- @BeforeSuite setupSuite -->
  <testcase classname="com.SnapDeals.Base.BaseTest" name="@AfterSuite tearDownSuite" time="0.0">
    <ignored/>
  </testcase> <!-- @AfterSuite tearDownSuite -->
</testsuite> <!-- Test -->
