<!DOCTYPE html PUBLIC "-//W3C//DTD XHTML 1.1//EN" "https://www.w3.org/TR/xhtml11/DTD/xhtml11.dtd">
<html xmlns="https://www.w3.org/1999/xhtml">
<head>
<meta http-equiv="content-type" content="text/html; charset=UTF-8"/>
<title>TestNG Report</title>
<style type="text/css">table {margin-bottom:10px;border-collapse:collapse;empty-cells:show}th,td {border:1px solid #009;padding:.25em .5em}th {vertical-align:bottom}td {vertical-align:top}table a {font-weight:bold}.stripe td {background-color: #E6EBF9}.num {text-align:right}.passedodd td {background-color: #3F3}.passedeven td {background-color: #0A0}.skippedodd td {background-color: #DDD}.skippedeven td {background-color: #CCC}.failedodd td,.attn {background-color: #F33}.failedeven td,.stripe .attn {background-color: #D00}.stacktrace {white-space:pre;font-family:monospace}.totop {font-size:85%;text-align:center;border-bottom:2px solid #000}.invisible {display:none}</style>
</head>
<body>
<table>
<tr><th>Test</th><th># Passed</th><th># Skipped</th><th># Retried</th><th># Failed</th><th>Time (ms)</th><th>Included Groups</th><th>Excluded Groups</th></tr>
<tr><th colspan="8">Suite</th></tr>
<tr><td><a href="#t0">Test</a></td><td class="num">21</td><td class="num">0</td><td class="num">0</td><td class="num attn">2</td><td class="num">172,978</td><td></td><td></td></tr>
</table>
<table id='summary'><thead><tr><th>Class</th><th>Method</th><th>Start</th><th>Time (ms)</th></tr></thead><tbody><tr><th colspan="4">Suite</th></tr></tbody><tbody id="t0"><tr><th colspan="4">Test &#8212; failed</th></tr><tr class="failedeven"><td rowspan="1">com.SnapDeals.Tests.CartTest</td><td><a href="#m0">incQuantity</a></td><td rowspan="1">1753985972433</td><td rowspan="1">160</td></tr><tr class="failedodd"><td rowspan="1">com.SnapDeals.Tests.RegisterTest</td><td><a href="#m1">Register</a></td><td rowspan="1">1753985802948</td><td rowspan="1">14104</td></tr><tr><th colspan="4">Test &#8212; passed</th></tr><tr class="passedeven"><td rowspan="5">com.SnapDeals.Tests.CartTest</td><td><a href="#m2">cartIcon</a></td><td rowspan="1">1753985967615</td><td rowspan="1">29</td></tr><tr class="passedeven"><td><a href="#m3">editPincode</a></td><td rowspan="1">1753985972039</td><td rowspan="1">372</td></tr><tr class="passedeven"><td><a href="#m4">loginToSnapdeal</a></td><td rowspan="1">1753985926932</td><td rowspan="1">40645</td></tr><tr class="passedeven"><td><a href="#m5">openCart</a></td><td rowspan="1">1753985967669</td><td rowspan="1">4353</td></tr><tr class="passedeven"><td><a href="#m6">proceed</a></td><td rowspan="1">1753985972734</td><td rowspan="1">107</td></tr><tr class="passedodd"><td rowspan="4">com.SnapDeals.Tests.LoginTest</td><td><a href="#m7">FieldCheck</a></td><td rowspan="1">1753985821505</td><td rowspan="1">31</td></tr><tr class="passedodd"><td><a href="#m8">LoginCheck</a></td><td rowspan="1">1753985822290</td><td rowspan="1">37083</td></tr><tr class="passedodd"><td><a href="#m9">loginPageCheck</a></td><td rowspan="1">1753985820419</td><td rowspan="1">1064</td></tr><tr class="passedodd"><td><a href="#m10">websiteCheck</a></td><td rowspan="1">1753985820335</td><td rowspan="1">59</td></tr><tr class="passedeven"><td rowspan="6">com.SnapDeals.Tests.MenSelectionTest</td><td><a href="#m11">itemAddedToCartCheck</a></td><td rowspan="1">1753985913898</td><td rowspan="1">1349</td></tr><tr class="passedeven"><td><a href="#m12">itemSelectionCheck</a></td><td rowspan="1">1753985910980</td><td rowspan="1">2902</td></tr><tr class="passedeven"><td><a href="#m13">loginToSnapdeal</a></td><td rowspan="1">1753985861983</td><td rowspan="1">40548</td></tr><tr class="passedeven"><td><a href="#m14">menSelectionCheck</a></td><td rowspan="1">1753985902566</td><td rowspan="1">6693</td></tr><tr class="passedeven"><td><a href="#m15">selectDiscountCheck</a></td><td rowspan="1">1753985909977</td><td rowspan="1">960</td></tr><tr class="passedeven"><td><a href="#m16">zipFilterCheck</a></td><td rowspan="1">1753985909294</td><td rowspan="1">663</td></tr><tr class="passedodd"><td rowspan="6">com.SnapDeals.Tests.SearchTest</td><td><a href="#m17">addItemToCart</a></td><td rowspan="1">1753985923036</td><td rowspan="1">1359</td></tr><tr class="passedodd"><td><a href="#m18">chooseItem</a></td><td rowspan="1">1753985920387</td><td rowspan="1">2642</td></tr><tr class="passedodd"><td><a href="#m19">search</a></td><td rowspan="1">1753985918066</td><td rowspan="1">2101</td></tr><tr class="passedodd"><td><a href="#m20">searchButton</a></td><td rowspan="1">1753985917745</td><td rowspan="1">308</td></tr><tr class="passedodd"><td><a href="#m21">searchText</a></td><td rowspan="1">1753985917690</td><td rowspan="1">35</td></tr><tr class="passedodd"><td><a href="#m22">sortBy</a></td><td rowspan="1">1753985920182</td><td rowspan="1">187</td></tr></tbody>
</table>
<h2>Test</h2><h3 id="m0">com.SnapDeals.Tests.CartTest#incQuantity</h3><table class="result"><tr><th>Exception</th></tr><tr><td><div class="stacktrace">org.openqa.selenium.StaleElementReferenceException: stale element reference: stale element not found in the current frame
  (Session info: chrome=138.0.7204.183)
For documentation on this error, please visit: https://www.selenium.dev/documentation/webdriver/troubleshooting/errors#stale-element-reference-exception
Build info: version: &apos;4.33.0&apos;, revision: &apos;2c6aaad03a&apos;
System info: os.name: &apos;Windows 11&apos;, os.arch: &apos;amd64&apos;, os.version: &apos;10.0&apos;, java.version: &apos;17.0.12&apos;
Driver info: org.openqa.selenium.chrome.ChromeDriver
Command: [a14493700c4ea1e150573dd393a855c1, clickElement {id=f.68A5204C5370263992EDF66EDE593D5D.d.51835E6113638BCE5867CA485EFC1D10.e.209}]
Capabilities {acceptInsecureCerts: false, browserName: chrome, browserVersion: 138.0.7204.183, chrome: {chromedriverVersion: 138.0.7204.183 (e90faf484dd..., userDataDir: C:\Users\NAVYAS~1\AppData\L...}, fedcm:accounts: true, goog:chromeOptions: {debuggerAddress: localhost:54099}, networkConnectionEnabled: false, pageLoadStrategy: normal, platformName: windows, proxy: Proxy(), se:cdp: ws://localhost:54099/devtoo..., se:cdpVersion: 138.0.7204.183, setWindowRect: true, strictFileInteractability: false, timeouts: {implicit: 0, pageLoad: 300000, script: 30000}, unhandledPromptBehavior: dismiss and notify, webauthn:extension:credBlob: true, webauthn:extension:largeBlob: true, webauthn:extension:minPinLength: true, webauthn:extension:prf: true, webauthn:virtualAuthenticators: true}
Element: [[ChromeDriver: chrome on windows (a14493700c4ea1e150573dd393a855c1)] -&gt; css selector: div.styledSelect.item-quantity]
Session ID: a14493700c4ea1e150573dd393a855c1
	at org.openqa.selenium.remote.ErrorCodec.decode(ErrorCodec.java:167)
	at org.openqa.selenium.remote.codec.w3c.W3CHttpResponseCodec.decode(W3CHttpResponseCodec.java:138)
	at org.openqa.selenium.remote.codec.w3c.W3CHttpResponseCodec.decode(W3CHttpResponseCodec.java:50)
	at org.openqa.selenium.remote.HttpCommandExecutor.execute(HttpCommandExecutor.java:215)
	at org.openqa.selenium.remote.service.DriverCommandExecutor.invokeExecute(DriverCommandExecutor.java:216)
	at org.openqa.selenium.remote.service.DriverCommandExecutor.execute(DriverCommandExecutor.java:174)
	at org.openqa.selenium.remote.RemoteWebDriver.execute(RemoteWebDriver.java:544)
	at org.openqa.selenium.remote.RemoteWebElement.execute(RemoteWebElement.java:223)
	at org.openqa.selenium.remote.RemoteWebElement.click(RemoteWebElement.java:76)
	at com.SnapDeals.Tests.CartTest.incQuantity(CartTest.java:79)
	at java.base/java.util.ArrayList.forEach(ArrayList.java:1511)
... Removed 32 stack frames</div></td></tr></table><p class="totop"><a href="#summary">back to summary</a></p>
<h3 id="m1">com.SnapDeals.Tests.RegisterTest#Register</h3><table class="result"><tr><th>Exception</th></tr><tr><td><div class="stacktrace">org.openqa.selenium.TimeoutException: Expected condition failed: waiting for element to be clickable: By.id: j_username_new (tried for 10 second(s) with 500 milliseconds interval)
Build info: version: &apos;4.33.0&apos;, revision: &apos;2c6aaad03a&apos;
System info: os.name: &apos;Windows 11&apos;, os.arch: &apos;amd64&apos;, os.version: &apos;10.0&apos;, java.version: &apos;17.0.12&apos;
Driver info: org.openqa.selenium.chrome.ChromeDriver
Capabilities {acceptInsecureCerts: false, browserName: chrome, browserVersion: 138.0.7204.183, chrome: {chromedriverVersion: 138.0.7204.183 (e90faf484dd..., userDataDir: C:\Users\NAVYAS~1\AppData\L...}, fedcm:accounts: true, goog:chromeOptions: {debuggerAddress: localhost:53590}, networkConnectionEnabled: false, pageLoadStrategy: normal, platformName: windows, proxy: Proxy(), se:cdp: ws://localhost:53590/devtoo..., se:cdpVersion: 138.0.7204.183, setWindowRect: true, strictFileInteractability: false, timeouts: {implicit: 0, pageLoad: 300000, script: 30000}, unhandledPromptBehavior: dismiss and notify, webauthn:extension:credBlob: true, webauthn:extension:largeBlob: true, webauthn:extension:minPinLength: true, webauthn:extension:prf: true, webauthn:virtualAuthenticators: true}
Session ID: 6d3be96a05d327449a5cf36279716556
	at org.openqa.selenium.support.ui.WebDriverWait.timeoutException(WebDriverWait.java:84)
	at org.openqa.selenium.support.ui.FluentWait.until(FluentWait.java:228)
	at com.SnapDeals.Pages.RegisterPage.emailEle(RegisterPage.java:70)
	at com.SnapDeals.Tests.RegisterTest.Register(RegisterTest.java:17)
	at java.base/java.util.ArrayList.forEach(ArrayList.java:1511)
... Removed 27 stack frames</div></td></tr></table><p class="totop"><a href="#summary">back to summary</a></p>
<h3 id="m2">com.SnapDeals.Tests.CartTest#cartIcon</h3><table class="result"><tr><th class="invisible"/></tr></table><p class="totop"><a href="#summary">back to summary</a></p>
<h3 id="m3">com.SnapDeals.Tests.CartTest#editPincode</h3><table class="result"><tr><th class="invisible"/></tr></table><p class="totop"><a href="#summary">back to summary</a></p>
<h3 id="m4">com.SnapDeals.Tests.CartTest#loginToSnapdeal</h3><table class="result"><tr><th class="invisible"/></tr></table><p class="totop"><a href="#summary">back to summary</a></p>
<h3 id="m5">com.SnapDeals.Tests.CartTest#openCart</h3><table class="result"><tr><th class="invisible"/></tr></table><p class="totop"><a href="#summary">back to summary</a></p>
<h3 id="m6">com.SnapDeals.Tests.CartTest#proceed</h3><table class="result"><tr><th class="invisible"/></tr></table><p class="totop"><a href="#summary">back to summary</a></p>
<h3 id="m7">com.SnapDeals.Tests.LoginTest#FieldCheck</h3><table class="result"><tr><th class="invisible"/></tr></table><p class="totop"><a href="#summary">back to summary</a></p>
<h3 id="m8">com.SnapDeals.Tests.LoginTest#LoginCheck</h3><table class="result"><tr class="param"><th>Parameter #1</th></tr><tr class="param stripe"><td>6304123745</td></tr></table><p class="totop"><a href="#summary">back to summary</a></p>
<h3 id="m9">com.SnapDeals.Tests.LoginTest#loginPageCheck</h3><table class="result"><tr><th class="invisible"/></tr></table><p class="totop"><a href="#summary">back to summary</a></p>
<h3 id="m10">com.SnapDeals.Tests.LoginTest#websiteCheck</h3><table class="result"><tr><th class="invisible"/></tr></table><p class="totop"><a href="#summary">back to summary</a></p>
<h3 id="m11">com.SnapDeals.Tests.MenSelectionTest#itemAddedToCartCheck</h3><table class="result"><tr><th class="invisible"/></tr></table><p class="totop"><a href="#summary">back to summary</a></p>
<h3 id="m12">com.SnapDeals.Tests.MenSelectionTest#itemSelectionCheck</h3><table class="result"><tr><th class="invisible"/></tr></table><p class="totop"><a href="#summary">back to summary</a></p>
<h3 id="m13">com.SnapDeals.Tests.MenSelectionTest#loginToSnapdeal</h3><table class="result"><tr><th class="invisible"/></tr></table><p class="totop"><a href="#summary">back to summary</a></p>
<h3 id="m14">com.SnapDeals.Tests.MenSelectionTest#menSelectionCheck</h3><table class="result"><tr><th class="invisible"/></tr></table><p class="totop"><a href="#summary">back to summary</a></p>
<h3 id="m15">com.SnapDeals.Tests.MenSelectionTest#selectDiscountCheck</h3><table class="result"><tr><th class="invisible"/></tr></table><p class="totop"><a href="#summary">back to summary</a></p>
<h3 id="m16">com.SnapDeals.Tests.MenSelectionTest#zipFilterCheck</h3><table class="result"><tr><th class="invisible"/></tr></table><p class="totop"><a href="#summary">back to summary</a></p>
<h3 id="m17">com.SnapDeals.Tests.SearchTest#addItemToCart</h3><table class="result"><tr><th class="invisible"/></tr></table><p class="totop"><a href="#summary">back to summary</a></p>
<h3 id="m18">com.SnapDeals.Tests.SearchTest#chooseItem</h3><table class="result"><tr><th class="invisible"/></tr></table><p class="totop"><a href="#summary">back to summary</a></p>
<h3 id="m19">com.SnapDeals.Tests.SearchTest#search</h3><table class="result"><tr><th class="invisible"/></tr></table><p class="totop"><a href="#summary">back to summary</a></p>
<h3 id="m20">com.SnapDeals.Tests.SearchTest#searchButton</h3><table class="result"><tr><th class="invisible"/></tr></table><p class="totop"><a href="#summary">back to summary</a></p>
<h3 id="m21">com.SnapDeals.Tests.SearchTest#searchText</h3><table class="result"><tr><th class="invisible"/></tr></table><p class="totop"><a href="#summary">back to summary</a></p>
<h3 id="m22">com.SnapDeals.Tests.SearchTest#sortBy</h3><table class="result"><tr><th class="invisible"/></tr></table><p class="totop"><a href="#summary">back to summary</a></p>
</body>
</html>
