<!DOCTYPE html>

<html>
  <head>
  <meta charset='utf-8'>
  <title>TestNG reports</title>

    <link type="text/css" href="testng-reports1.css" rel="stylesheet" id="ultra" />
    <link type="text/css" href="testng-reports.css" rel="stylesheet" id="retro" disabled="false"/>
    <script type="text/javascript" src="jquery-3.6.0.min.js"></script>
    <script type="text/javascript" src="testng-reports.js"></script>
    <script type="text/javascript" src="https://www.google.com/jsapi"></script>
    <script type='text/javascript'>
      google.load('visualization', '1', {packages:['table']});
      google.setOnLoadCallback(drawTable);
      var suiteTableInitFunctions = new Array();
      var suiteTableData = new Array();
    </script>
    <!--
      <script type="text/javascript" src="jquery-ui/js/jquery-ui-1.8.16.custom.min.js"></script>
     -->
  </head>

  <body>    <div class="top-banner-root">
      <span class="top-banner-title-font">Test results</span>
      <button id="button" class="button">Switch Retro Theme</button> <!-- button -->
      <br/>
      <span class="top-banner-font-1">1 suite, 2 failed tests</span>
    </div> <!-- top-banner-root -->
    <div class="navigator-root">
      <div class="navigator-suite-header">
        <span>All suites</span>
        <a href="#" title="Collapse/expand all the suites" class="collapse-all-link">
          <img src="collapseall.gif" class="collapse-all-icon">
          </img> <!-- collapse-all-icon -->
        </a> <!-- collapse-all-link -->
      </div> <!-- navigator-suite-header -->
      <div class="suite">
        <div class="rounded-window">
          <div class="suite-header light-rounded-window-top">
            <a href="#" panel-name="suite-Suite" class="navigator-link">
              <span class="suite-name border-failed">Suite</span>
            </a> <!-- navigator-link -->
          </div> <!-- suite-header light-rounded-window-top -->
          <div class="navigator-suite-content">
            <div class="suite-section-title">
              <span>Info</span>
            </div> <!-- suite-section-title -->
            <div class="suite-section-content">
              <ul>
                <li>
                  <a href="#" panel-name="test-xml-Suite" class="navigator-link ">
                    <span>D:\Coforge - training\Capstone Project\SnapDeals\testng.xml</span>
                  </a> <!-- navigator-link  -->
                </li>
                <li>
                  <a href="#" panel-name="testlist-Suite" class="navigator-link ">
                    <span class="test-stats">1 test</span>
                  </a> <!-- navigator-link  -->
                </li>
                <li>
                  <a href="#" panel-name="group-Suite" class="navigator-link ">
                    <span>0 groups</span>
                  </a> <!-- navigator-link  -->
                </li>
                <li>
                  <a href="#" panel-name="times-Suite" class="navigator-link ">
                    <span>Times</span>
                  </a> <!-- navigator-link  -->
                </li>
                <li>
                  <a href="#" panel-name="reporter-Suite" class="navigator-link ">
                    <span>Reporter output</span>
                  </a> <!-- navigator-link  -->
                </li>
                <li>
                  <a href="#" panel-name="ignored-methods-Suite" class="navigator-link ">
                    <span>Ignored methods</span>
                  </a> <!-- navigator-link  -->
                </li>
                <li>
                  <a href="#" panel-name="chronological-Suite" class="navigator-link ">
                    <span>Chronological view</span>
                  </a> <!-- navigator-link  -->
                </li>
              </ul>
            </div> <!-- suite-section-content -->
            <div class="result-section">
              <div class="suite-section-title">
                <span>Results</span>
              </div> <!-- suite-section-title -->
              <div class="suite-section-content">
                <ul>
                  <li>
                    <span class="method-stats">23 methods, 2 failed,   21 passed</span>
                  </li>
                  <li>
                    <span class="method-list-title failed">Failed methods</span>
                    <span class="show-or-hide-methods failed">
                      <a href="#" panel-name="suite-Suite" class="hide-methods failed suite-Suite"> (hide)</a> <!-- hide-methods failed suite-Suite -->
                      <a href="#" panel-name="suite-Suite" class="show-methods failed suite-Suite"> (show)</a> <!-- show-methods failed suite-Suite -->
                    </span>
                    <div class="method-list-content failed suite-Suite">
                      <span>
                        <img src="failed.png" width="3%"/>
                        <a href="#" panel-name="suite-Suite" title="com.SnapDeals.Tests.RegisterTest" class="method navigator-link" hash-for-method="Register">Register</a> <!-- method navigator-link -->
                      </span>
                      <br/>
                      <span>
                        <img src="failed.png" width="3%"/>
                        <a href="#" panel-name="suite-Suite" title="com.SnapDeals.Tests.CartTest" class="method navigator-link" hash-for-method="incQuantity">incQuantity</a> <!-- method navigator-link -->
                      </span>
                      <br/>
                    </div> <!-- method-list-content failed suite-Suite -->
                  </li>
                  <li>
                    <span class="method-list-title passed">Passed methods</span>
                    <span class="show-or-hide-methods passed">
                      <a href="#" panel-name="suite-Suite" class="hide-methods passed suite-Suite"> (hide)</a> <!-- hide-methods passed suite-Suite -->
                      <a href="#" panel-name="suite-Suite" class="show-methods passed suite-Suite"> (show)</a> <!-- show-methods passed suite-Suite -->
                    </span>
                    <div class="method-list-content passed suite-Suite">
                      <span>
                        <img src="passed.png" width="3%"/>
                        <a href="#" panel-name="suite-Suite" title="com.SnapDeals.Tests.LoginTest" class="method navigator-link" hash-for-method="FieldCheck">FieldCheck</a> <!-- method navigator-link -->
                      </span>
                      <br/>
                      <span>
                        <img src="passed.png" width="3%"/>
                        <a href="#" panel-name="suite-Suite" title="com.SnapDeals.Tests.LoginTest" class="method navigator-link" hash-for-method="LoginCheck(6304123745)">LoginCheck(6304123745)</a> <!-- method navigator-link -->
                      </span>
                      <br/>
                      <span>
                        <img src="passed.png" width="3%"/>
                        <a href="#" panel-name="suite-Suite" title="com.SnapDeals.Tests.SearchTest" class="method navigator-link" hash-for-method="addItemToCart">addItemToCart</a> <!-- method navigator-link -->
                      </span>
                      <br/>
                      <span>
                        <img src="passed.png" width="3%"/>
                        <a href="#" panel-name="suite-Suite" title="com.SnapDeals.Tests.CartTest" class="method navigator-link" hash-for-method="cartIcon">cartIcon</a> <!-- method navigator-link -->
                      </span>
                      <br/>
                      <span>
                        <img src="passed.png" width="3%"/>
                        <a href="#" panel-name="suite-Suite" title="com.SnapDeals.Tests.SearchTest" class="method navigator-link" hash-for-method="chooseItem">chooseItem</a> <!-- method navigator-link -->
                      </span>
                      <br/>
                      <span>
                        <img src="passed.png" width="3%"/>
                        <a href="#" panel-name="suite-Suite" title="com.SnapDeals.Tests.CartTest" class="method navigator-link" hash-for-method="editPincode">editPincode</a> <!-- method navigator-link -->
                      </span>
                      <br/>
                      <span>
                        <img src="passed.png" width="3%"/>
                        <a href="#" panel-name="suite-Suite" title="com.SnapDeals.Tests.MenSelectionTest" class="method navigator-link" hash-for-method="itemAddedToCartCheck">itemAddedToCartCheck</a> <!-- method navigator-link -->
                      </span>
                      <br/>
                      <span>
                        <img src="passed.png" width="3%"/>
                        <a href="#" panel-name="suite-Suite" title="com.SnapDeals.Tests.MenSelectionTest" class="method navigator-link" hash-for-method="itemSelectionCheck">itemSelectionCheck</a> <!-- method navigator-link -->
                      </span>
                      <br/>
                      <span>
                        <img src="passed.png" width="3%"/>
                        <a href="#" panel-name="suite-Suite" title="com.SnapDeals.Tests.LoginTest" class="method navigator-link" hash-for-method="loginPageCheck">loginPageCheck</a> <!-- method navigator-link -->
                      </span>
                      <br/>
                      <span>
                        <img src="passed.png" width="3%"/>
                        <a href="#" panel-name="suite-Suite" title="com.SnapDeals.Tests.MenSelectionTest" class="method navigator-link" hash-for-method="loginToSnapdeal">loginToSnapdeal</a> <!-- method navigator-link -->
                      </span>
                      <br/>
                      <span>
                        <img src="passed.png" width="3%"/>
                        <a href="#" panel-name="suite-Suite" title="com.SnapDeals.Tests.CartTest" class="method navigator-link" hash-for-method="loginToSnapdeal">loginToSnapdeal</a> <!-- method navigator-link -->
                      </span>
                      <br/>
                      <span>
                        <img src="passed.png" width="3%"/>
                        <a href="#" panel-name="suite-Suite" title="com.SnapDeals.Tests.MenSelectionTest" class="method navigator-link" hash-for-method="menSelectionCheck">menSelectionCheck</a> <!-- method navigator-link -->
                      </span>
                      <br/>
                      <span>
                        <img src="passed.png" width="3%"/>
                        <a href="#" panel-name="suite-Suite" title="com.SnapDeals.Tests.CartTest" class="method navigator-link" hash-for-method="openCart">openCart</a> <!-- method navigator-link -->
                      </span>
                      <br/>
                      <span>
                        <img src="passed.png" width="3%"/>
                        <a href="#" panel-name="suite-Suite" title="com.SnapDeals.Tests.CartTest" class="method navigator-link" hash-for-method="proceed">proceed</a> <!-- method navigator-link -->
                      </span>
                      <br/>
                      <span>
                        <img src="passed.png" width="3%"/>
                        <a href="#" panel-name="suite-Suite" title="com.SnapDeals.Tests.SearchTest" class="method navigator-link" hash-for-method="search">search</a> <!-- method navigator-link -->
                      </span>
                      <br/>
                      <span>
                        <img src="passed.png" width="3%"/>
                        <a href="#" panel-name="suite-Suite" title="com.SnapDeals.Tests.SearchTest" class="method navigator-link" hash-for-method="searchButton">searchButton</a> <!-- method navigator-link -->
                      </span>
                      <br/>
                      <span>
                        <img src="passed.png" width="3%"/>
                        <a href="#" panel-name="suite-Suite" title="com.SnapDeals.Tests.SearchTest" class="method navigator-link" hash-for-method="searchText">searchText</a> <!-- method navigator-link -->
                      </span>
                      <br/>
                      <span>
                        <img src="passed.png" width="3%"/>
                        <a href="#" panel-name="suite-Suite" title="com.SnapDeals.Tests.MenSelectionTest" class="method navigator-link" hash-for-method="selectDiscountCheck">selectDiscountCheck</a> <!-- method navigator-link -->
                      </span>
                      <br/>
                      <span>
                        <img src="passed.png" width="3%"/>
                        <a href="#" panel-name="suite-Suite" title="com.SnapDeals.Tests.SearchTest" class="method navigator-link" hash-for-method="sortBy">sortBy</a> <!-- method navigator-link -->
                      </span>
                      <br/>
                      <span>
                        <img src="passed.png" width="3%"/>
                        <a href="#" panel-name="suite-Suite" title="com.SnapDeals.Tests.LoginTest" class="method navigator-link" hash-for-method="websiteCheck">websiteCheck</a> <!-- method navigator-link -->
                      </span>
                      <br/>
                      <span>
                        <img src="passed.png" width="3%"/>
                        <a href="#" panel-name="suite-Suite" title="com.SnapDeals.Tests.MenSelectionTest" class="method navigator-link" hash-for-method="zipFilterCheck">zipFilterCheck</a> <!-- method navigator-link -->
                      </span>
                      <br/>
                    </div> <!-- method-list-content passed suite-Suite -->
                  </li>
                </ul>
              </div> <!-- suite-section-content -->
            </div> <!-- result-section -->
          </div> <!-- navigator-suite-content -->
        </div> <!-- rounded-window -->
      </div> <!-- suite -->
    </div> <!-- navigator-root -->
    <div class="wrapper">
      <div class="main-panel-root">
        <div panel-name="suite-Suite" class="panel Suite">
          <div class="suite-Suite-class-failed">
            <div class="main-panel-header rounded-window-top">
              <img src="failed.png"/>
              <span class="class-name">com.SnapDeals.Tests.CartTest</span>
            </div> <!-- main-panel-header rounded-window-top -->
            <div class="main-panel-content rounded-window-bottom">
              <div class="method">
                <div class="method-content">
                  <a name="incQuantity">
                  </a> <!-- incQuantity -->
                  <span class="method-name">incQuantity</span>
                  <div class="stack-trace">org.openqa.selenium.StaleElementReferenceException: stale element reference: stale element not found in the current frame
  (Session info: chrome=138.0.7204.183)
For documentation on this error, please visit: https://www.selenium.dev/documentation/webdriver/troubleshooting/errors#stale-element-reference-exception
Build info: version: &apos;4.33.0&apos;, revision: &apos;2c6aaad03a&apos;
System info: os.name: &apos;Windows 11&apos;, os.arch: &apos;amd64&apos;, os.version: &apos;10.0&apos;, java.version: &apos;17.0.12&apos;
Driver info: org.openqa.selenium.chrome.ChromeDriver
Command: [a14493700c4ea1e150573dd393a855c1, clickElement {id=f.68A5204C5370263992EDF66EDE593D5D.d.51835E6113638BCE5867CA485EFC1D10.e.209}]
Capabilities {acceptInsecureCerts: false, browserName: chrome, browserVersion: 138.0.7204.183, chrome: {chromedriverVersion: 138.0.7204.183 (e90faf484dd..., userDataDir: C:\Users\NAVYAS~1\AppData\L...}, fedcm:accounts: true, goog:chromeOptions: {debuggerAddress: localhost:54099}, networkConnectionEnabled: false, pageLoadStrategy: normal, platformName: windows, proxy: Proxy(), se:cdp: ws://localhost:54099/devtoo..., se:cdpVersion: 138.0.7204.183, setWindowRect: true, strictFileInteractability: false, timeouts: {implicit: 0, pageLoad: 300000, script: 30000}, unhandledPromptBehavior: dismiss and notify, webauthn:extension:credBlob: true, webauthn:extension:largeBlob: true, webauthn:extension:minPinLength: true, webauthn:extension:prf: true, webauthn:virtualAuthenticators: true}
Element: [[ChromeDriver: chrome on windows (a14493700c4ea1e150573dd393a855c1)] -&gt; css selector: div.styledSelect.item-quantity]
Session ID: a14493700c4ea1e150573dd393a855c1
	at org.openqa.selenium.remote.ErrorCodec.decode(ErrorCodec.java:167)
	at org.openqa.selenium.remote.codec.w3c.W3CHttpResponseCodec.decode(W3CHttpResponseCodec.java:138)
	at org.openqa.selenium.remote.codec.w3c.W3CHttpResponseCodec.decode(W3CHttpResponseCodec.java:50)
	at org.openqa.selenium.remote.HttpCommandExecutor.execute(HttpCommandExecutor.java:215)
	at org.openqa.selenium.remote.service.DriverCommandExecutor.invokeExecute(DriverCommandExecutor.java:216)
	at org.openqa.selenium.remote.service.DriverCommandExecutor.execute(DriverCommandExecutor.java:174)
	at org.openqa.selenium.remote.RemoteWebDriver.execute(RemoteWebDriver.java:544)
	at org.openqa.selenium.remote.RemoteWebElement.execute(RemoteWebElement.java:223)
	at org.openqa.selenium.remote.RemoteWebElement.click(RemoteWebElement.java:76)
	at com.SnapDeals.Tests.CartTest.incQuantity(CartTest.java:79)
	at java.base/java.util.ArrayList.forEach(ArrayList.java:1511)
... Removed 32 stack frames
</div> <!-- stack-trace -->
                </div> <!-- method-content -->
              </div> <!-- method -->
            </div> <!-- main-panel-content rounded-window-bottom -->
          </div> <!-- suite-Suite-class-failed -->
          <div class="suite-Suite-class-failed">
            <div class="main-panel-header rounded-window-top">
              <img src="failed.png"/>
              <span class="class-name">com.SnapDeals.Tests.RegisterTest</span>
            </div> <!-- main-panel-header rounded-window-top -->
            <div class="main-panel-content rounded-window-bottom">
              <div class="method">
                <div class="method-content">
                  <a name="Register">
                  </a> <!-- Register -->
                  <span class="method-name">Register</span>
                  <div class="stack-trace">org.openqa.selenium.TimeoutException: Expected condition failed: waiting for element to be clickable: By.id: j_username_new (tried for 10 second(s) with 500 milliseconds interval)
Build info: version: &apos;4.33.0&apos;, revision: &apos;2c6aaad03a&apos;
System info: os.name: &apos;Windows 11&apos;, os.arch: &apos;amd64&apos;, os.version: &apos;10.0&apos;, java.version: &apos;17.0.12&apos;
Driver info: org.openqa.selenium.chrome.ChromeDriver
Capabilities {acceptInsecureCerts: false, browserName: chrome, browserVersion: 138.0.7204.183, chrome: {chromedriverVersion: 138.0.7204.183 (e90faf484dd..., userDataDir: C:\Users\NAVYAS~1\AppData\L...}, fedcm:accounts: true, goog:chromeOptions: {debuggerAddress: localhost:53590}, networkConnectionEnabled: false, pageLoadStrategy: normal, platformName: windows, proxy: Proxy(), se:cdp: ws://localhost:53590/devtoo..., se:cdpVersion: 138.0.7204.183, setWindowRect: true, strictFileInteractability: false, timeouts: {implicit: 0, pageLoad: 300000, script: 30000}, unhandledPromptBehavior: dismiss and notify, webauthn:extension:credBlob: true, webauthn:extension:largeBlob: true, webauthn:extension:minPinLength: true, webauthn:extension:prf: true, webauthn:virtualAuthenticators: true}
Session ID: 6d3be96a05d327449a5cf36279716556
	at org.openqa.selenium.support.ui.WebDriverWait.timeoutException(WebDriverWait.java:84)
	at org.openqa.selenium.support.ui.FluentWait.until(FluentWait.java:228)
	at com.SnapDeals.Pages.RegisterPage.emailEle(RegisterPage.java:70)
	at com.SnapDeals.Tests.RegisterTest.Register(RegisterTest.java:17)
	at java.base/java.util.ArrayList.forEach(ArrayList.java:1511)
... Removed 27 stack frames
</div> <!-- stack-trace -->
                </div> <!-- method-content -->
              </div> <!-- method -->
            </div> <!-- main-panel-content rounded-window-bottom -->
          </div> <!-- suite-Suite-class-failed -->
          <div class="suite-Suite-class-passed">
            <div class="main-panel-header rounded-window-top">
              <img src="passed.png"/>
              <span class="class-name">com.SnapDeals.Tests.CartTest</span>
            </div> <!-- main-panel-header rounded-window-top -->
            <div class="main-panel-content rounded-window-bottom">
              <div class="method">
                <div class="method-content">
                  <a name="cartIcon">
                  </a> <!-- cartIcon -->
                  <span class="method-name">cartIcon</span>
                </div> <!-- method-content -->
              </div> <!-- method -->
              <div class="method">
                <div class="method-content">
                  <a name="editPincode">
                  </a> <!-- editPincode -->
                  <span class="method-name">editPincode</span>
                </div> <!-- method-content -->
              </div> <!-- method -->
              <div class="method">
                <div class="method-content">
                  <a name="loginToSnapdeal">
                  </a> <!-- loginToSnapdeal -->
                  <span class="method-name">loginToSnapdeal</span>
                </div> <!-- method-content -->
              </div> <!-- method -->
              <div class="method">
                <div class="method-content">
                  <a name="openCart">
                  </a> <!-- openCart -->
                  <span class="method-name">openCart</span>
                </div> <!-- method-content -->
              </div> <!-- method -->
              <div class="method">
                <div class="method-content">
                  <a name="proceed">
                  </a> <!-- proceed -->
                  <span class="method-name">proceed</span>
                </div> <!-- method-content -->
              </div> <!-- method -->
            </div> <!-- main-panel-content rounded-window-bottom -->
          </div> <!-- suite-Suite-class-passed -->
          <div class="suite-Suite-class-passed">
            <div class="main-panel-header rounded-window-top">
              <img src="passed.png"/>
              <span class="class-name">com.SnapDeals.Tests.MenSelectionTest</span>
            </div> <!-- main-panel-header rounded-window-top -->
            <div class="main-panel-content rounded-window-bottom">
              <div class="method">
                <div class="method-content">
                  <a name="itemAddedToCartCheck">
                  </a> <!-- itemAddedToCartCheck -->
                  <span class="method-name">itemAddedToCartCheck</span>
                </div> <!-- method-content -->
              </div> <!-- method -->
              <div class="method">
                <div class="method-content">
                  <a name="itemSelectionCheck">
                  </a> <!-- itemSelectionCheck -->
                  <span class="method-name">itemSelectionCheck</span>
                </div> <!-- method-content -->
              </div> <!-- method -->
              <div class="method">
                <div class="method-content">
                  <a name="loginToSnapdeal">
                  </a> <!-- loginToSnapdeal -->
                  <span class="method-name">loginToSnapdeal</span>
                </div> <!-- method-content -->
              </div> <!-- method -->
              <div class="method">
                <div class="method-content">
                  <a name="menSelectionCheck">
                  </a> <!-- menSelectionCheck -->
                  <span class="method-name">menSelectionCheck</span>
                </div> <!-- method-content -->
              </div> <!-- method -->
              <div class="method">
                <div class="method-content">
                  <a name="selectDiscountCheck">
                  </a> <!-- selectDiscountCheck -->
                  <span class="method-name">selectDiscountCheck</span>
                </div> <!-- method-content -->
              </div> <!-- method -->
              <div class="method">
                <div class="method-content">
                  <a name="zipFilterCheck">
                  </a> <!-- zipFilterCheck -->
                  <span class="method-name">zipFilterCheck</span>
                </div> <!-- method-content -->
              </div> <!-- method -->
            </div> <!-- main-panel-content rounded-window-bottom -->
          </div> <!-- suite-Suite-class-passed -->
          <div class="suite-Suite-class-passed">
            <div class="main-panel-header rounded-window-top">
              <img src="passed.png"/>
              <span class="class-name">com.SnapDeals.Tests.LoginTest</span>
            </div> <!-- main-panel-header rounded-window-top -->
            <div class="main-panel-content rounded-window-bottom">
              <div class="method">
                <div class="method-content">
                  <a name="FieldCheck">
                  </a> <!-- FieldCheck -->
                  <span class="method-name">FieldCheck</span>
                </div> <!-- method-content -->
              </div> <!-- method -->
              <div class="method">
                <div class="method-content">
                  <a name="LoginCheck(6304123745)">
                  </a> <!-- LoginCheck(6304123745) -->
                  <span class="method-name">LoginCheck</span>
                  <span class="parameters">(6304123745)</span>
                </div> <!-- method-content -->
              </div> <!-- method -->
              <div class="method">
                <div class="method-content">
                  <a name="loginPageCheck">
                  </a> <!-- loginPageCheck -->
                  <span class="method-name">loginPageCheck</span>
                </div> <!-- method-content -->
              </div> <!-- method -->
              <div class="method">
                <div class="method-content">
                  <a name="websiteCheck">
                  </a> <!-- websiteCheck -->
                  <span class="method-name">websiteCheck</span>
                </div> <!-- method-content -->
              </div> <!-- method -->
            </div> <!-- main-panel-content rounded-window-bottom -->
          </div> <!-- suite-Suite-class-passed -->
          <div class="suite-Suite-class-passed">
            <div class="main-panel-header rounded-window-top">
              <img src="passed.png"/>
              <span class="class-name">com.SnapDeals.Tests.SearchTest</span>
            </div> <!-- main-panel-header rounded-window-top -->
            <div class="main-panel-content rounded-window-bottom">
              <div class="method">
                <div class="method-content">
                  <a name="addItemToCart">
                  </a> <!-- addItemToCart -->
                  <span class="method-name">addItemToCart</span>
                </div> <!-- method-content -->
              </div> <!-- method -->
              <div class="method">
                <div class="method-content">
                  <a name="chooseItem">
                  </a> <!-- chooseItem -->
                  <span class="method-name">chooseItem</span>
                </div> <!-- method-content -->
              </div> <!-- method -->
              <div class="method">
                <div class="method-content">
                  <a name="search">
                  </a> <!-- search -->
                  <span class="method-name">search</span>
                </div> <!-- method-content -->
              </div> <!-- method -->
              <div class="method">
                <div class="method-content">
                  <a name="searchButton">
                  </a> <!-- searchButton -->
                  <span class="method-name">searchButton</span>
                </div> <!-- method-content -->
              </div> <!-- method -->
              <div class="method">
                <div class="method-content">
                  <a name="searchText">
                  </a> <!-- searchText -->
                  <span class="method-name">searchText</span>
                </div> <!-- method-content -->
              </div> <!-- method -->
              <div class="method">
                <div class="method-content">
                  <a name="sortBy">
                  </a> <!-- sortBy -->
                  <span class="method-name">sortBy</span>
                </div> <!-- method-content -->
              </div> <!-- method -->
            </div> <!-- main-panel-content rounded-window-bottom -->
          </div> <!-- suite-Suite-class-passed -->
        </div> <!-- panel Suite -->
        <div panel-name="test-xml-Suite" class="panel">
          <div class="main-panel-header rounded-window-top">
            <span class="header-content">D:\Coforge - training\Capstone Project\SnapDeals\testng.xml</span>
          </div> <!-- main-panel-header rounded-window-top -->
          <div class="main-panel-content rounded-window-bottom">
            <pre>
&lt;?xml version=&quot;1.0&quot; encoding=&quot;UTF-8&quot;?&gt;
&lt;!DOCTYPE suite SYSTEM &quot;https://testng.org/testng-1.0.dtd&quot;&gt;
&lt;suite name=&quot;Suite&quot; guice-stage=&quot;DEVELOPMENT&quot;&gt;
  &lt;test thread-count=&quot;5&quot; name=&quot;Test&quot;&gt;
    &lt;parameter name=&quot;browser&quot; value=&quot;chrome&quot;/&gt;
    &lt;classes&gt;
      &lt;class name=&quot;com.SnapDeals.Tests.RegisterTest&quot;/&gt;
      &lt;class name=&quot;com.SnapDeals.Tests.LoginTest&quot;/&gt;
      &lt;class name=&quot;com.SnapDeals.Tests.MenSelectionTest&quot;/&gt;
      &lt;class name=&quot;com.SnapDeals.Tests.SearchTest&quot;/&gt;
      &lt;class name=&quot;com.SnapDeals.Tests.CartTest&quot;/&gt;
    &lt;/classes&gt;
  &lt;/test&gt; &lt;!-- Test --&gt;
&lt;/suite&gt; &lt;!-- Suite --&gt;
            </pre>
          </div> <!-- main-panel-content rounded-window-bottom -->
        </div> <!-- panel -->
        <div panel-name="testlist-Suite" class="panel">
          <div class="main-panel-header rounded-window-top">
            <span class="header-content">Tests for Suite</span>
          </div> <!-- main-panel-header rounded-window-top -->
          <div class="main-panel-content rounded-window-bottom">
            <ul>
              <li>
                <span class="test-name">Test (5 classes)</span>
              </li>
            </ul>
          </div> <!-- main-panel-content rounded-window-bottom -->
        </div> <!-- panel -->
        <div panel-name="group-Suite" class="panel">
          <div class="main-panel-header rounded-window-top">
            <span class="header-content">Groups for Suite</span>
          </div> <!-- main-panel-header rounded-window-top -->
          <div class="main-panel-content rounded-window-bottom">
          </div> <!-- main-panel-content rounded-window-bottom -->
        </div> <!-- panel -->
        <div panel-name="times-Suite" class="panel">
          <div class="main-panel-header rounded-window-top">
            <span class="header-content">Times for Suite</span>
          </div> <!-- main-panel-header rounded-window-top -->
          <div class="main-panel-content rounded-window-bottom">
            <div class="times-div">
              <script type="text/javascript">
suiteTableInitFunctions.push('tableData_Suite');
function tableData_Suite() {
var data = new google.visualization.DataTable();
data.addColumn('number', 'Number');
data.addColumn('string', 'Method');
data.addColumn('string', 'Class');
data.addColumn('number', 'Time (ms)');
data.addRows(23);
data.setCell(0, 0, 0)
data.setCell(0, 1, 'loginToSnapdeal')
data.setCell(0, 2, 'com.SnapDeals.Tests.CartTest')
data.setCell(0, 3, 40645);
data.setCell(1, 0, 1)
data.setCell(1, 1, 'loginToSnapdeal')
data.setCell(1, 2, 'com.SnapDeals.Tests.MenSelectionTest')
data.setCell(1, 3, 40548);
data.setCell(2, 0, 2)
data.setCell(2, 1, 'LoginCheck')
data.setCell(2, 2, 'com.SnapDeals.Tests.LoginTest')
data.setCell(2, 3, 37083);
data.setCell(3, 0, 3)
data.setCell(3, 1, 'Register')
data.setCell(3, 2, 'com.SnapDeals.Tests.RegisterTest')
data.setCell(3, 3, 14104);
data.setCell(4, 0, 4)
data.setCell(4, 1, 'menSelectionCheck')
data.setCell(4, 2, 'com.SnapDeals.Tests.MenSelectionTest')
data.setCell(4, 3, 6693);
data.setCell(5, 0, 5)
data.setCell(5, 1, 'openCart')
data.setCell(5, 2, 'com.SnapDeals.Tests.CartTest')
data.setCell(5, 3, 4353);
data.setCell(6, 0, 6)
data.setCell(6, 1, 'itemSelectionCheck')
data.setCell(6, 2, 'com.SnapDeals.Tests.MenSelectionTest')
data.setCell(6, 3, 2902);
data.setCell(7, 0, 7)
data.setCell(7, 1, 'chooseItem')
data.setCell(7, 2, 'com.SnapDeals.Tests.SearchTest')
data.setCell(7, 3, 2642);
data.setCell(8, 0, 8)
data.setCell(8, 1, 'search')
data.setCell(8, 2, 'com.SnapDeals.Tests.SearchTest')
data.setCell(8, 3, 2101);
data.setCell(9, 0, 9)
data.setCell(9, 1, 'addItemToCart')
data.setCell(9, 2, 'com.SnapDeals.Tests.SearchTest')
data.setCell(9, 3, 1359);
data.setCell(10, 0, 10)
data.setCell(10, 1, 'itemAddedToCartCheck')
data.setCell(10, 2, 'com.SnapDeals.Tests.MenSelectionTest')
data.setCell(10, 3, 1349);
data.setCell(11, 0, 11)
data.setCell(11, 1, 'loginPageCheck')
data.setCell(11, 2, 'com.SnapDeals.Tests.LoginTest')
data.setCell(11, 3, 1064);
data.setCell(12, 0, 12)
data.setCell(12, 1, 'selectDiscountCheck')
data.setCell(12, 2, 'com.SnapDeals.Tests.MenSelectionTest')
data.setCell(12, 3, 960);
data.setCell(13, 0, 13)
data.setCell(13, 1, 'zipFilterCheck')
data.setCell(13, 2, 'com.SnapDeals.Tests.MenSelectionTest')
data.setCell(13, 3, 663);
data.setCell(14, 0, 14)
data.setCell(14, 1, 'editPincode')
data.setCell(14, 2, 'com.SnapDeals.Tests.CartTest')
data.setCell(14, 3, 372);
data.setCell(15, 0, 15)
data.setCell(15, 1, 'searchButton')
data.setCell(15, 2, 'com.SnapDeals.Tests.SearchTest')
data.setCell(15, 3, 308);
data.setCell(16, 0, 16)
data.setCell(16, 1, 'sortBy')
data.setCell(16, 2, 'com.SnapDeals.Tests.SearchTest')
data.setCell(16, 3, 187);
data.setCell(17, 0, 17)
data.setCell(17, 1, 'incQuantity')
data.setCell(17, 2, 'com.SnapDeals.Tests.CartTest')
data.setCell(17, 3, 160);
data.setCell(18, 0, 18)
data.setCell(18, 1, 'proceed')
data.setCell(18, 2, 'com.SnapDeals.Tests.CartTest')
data.setCell(18, 3, 107);
data.setCell(19, 0, 19)
data.setCell(19, 1, 'websiteCheck')
data.setCell(19, 2, 'com.SnapDeals.Tests.LoginTest')
data.setCell(19, 3, 59);
data.setCell(20, 0, 20)
data.setCell(20, 1, 'searchText')
data.setCell(20, 2, 'com.SnapDeals.Tests.SearchTest')
data.setCell(20, 3, 35);
data.setCell(21, 0, 21)
data.setCell(21, 1, 'FieldCheck')
data.setCell(21, 2, 'com.SnapDeals.Tests.LoginTest')
data.setCell(21, 3, 31);
data.setCell(22, 0, 22)
data.setCell(22, 1, 'cartIcon')
data.setCell(22, 2, 'com.SnapDeals.Tests.CartTest')
data.setCell(22, 3, 29);
window.suiteTableData['Suite']= { tableData: data, tableDiv: 'times-div-Suite'}
return data;
}
              </script>
              <span class="suite-total-time">Total running time: 2 minutes</span>
              <div id="times-div-Suite">
              </div> <!-- times-div-Suite -->
            </div> <!-- times-div -->
          </div> <!-- main-panel-content rounded-window-bottom -->
        </div> <!-- panel -->
        <div panel-name="reporter-Suite" class="panel">
          <div class="main-panel-header rounded-window-top">
            <span class="header-content">Reporter output for Suite</span>
          </div> <!-- main-panel-header rounded-window-top -->
          <div class="main-panel-content rounded-window-bottom">
          </div> <!-- main-panel-content rounded-window-bottom -->
        </div> <!-- panel -->
        <div panel-name="ignored-methods-Suite" class="panel">
          <div class="main-panel-header rounded-window-top">
            <span class="header-content">8 ignored methods</span>
          </div> <!-- main-panel-header rounded-window-top -->
          <div class="main-panel-content rounded-window-bottom">
            <div class="ignored-class-div">
              <span class="ignored-class-name">com.SnapDeals.Tests.CartTest</span>
              <div class="ignored-methods-div">
                <span class="ignored-method-name">setupSuite</span>
                <br/>
                <span class="ignored-method-name">tearDownSuite</span>
                <br/>
              </div> <!-- ignored-methods-div -->
            </div> <!-- ignored-class-div -->
            <div class="ignored-class-div">
              <span class="ignored-class-name">com.SnapDeals.Tests.MenSelectionTest</span>
              <div class="ignored-methods-div">
                <span class="ignored-method-name">tearDownSuite</span>
                <br/>
                <span class="ignored-method-name">setupSuite</span>
                <br/>
              </div> <!-- ignored-methods-div -->
            </div> <!-- ignored-class-div -->
            <div class="ignored-class-div">
              <span class="ignored-class-name">com.SnapDeals.Tests.LoginTest</span>
              <div class="ignored-methods-div">
                <span class="ignored-method-name">setupSuite</span>
                <br/>
                <span class="ignored-method-name">tearDownSuite</span>
                <br/>
              </div> <!-- ignored-methods-div -->
            </div> <!-- ignored-class-div -->
            <div class="ignored-class-div">
              <span class="ignored-class-name">com.SnapDeals.Tests.SearchTest</span>
              <div class="ignored-methods-div">
                <span class="ignored-method-name">tearDownSuite</span>
                <br/>
                <span class="ignored-method-name">setupSuite</span>
                <br/>
              </div> <!-- ignored-methods-div -->
            </div> <!-- ignored-class-div -->
          </div> <!-- main-panel-content rounded-window-bottom -->
        </div> <!-- panel -->
        <div panel-name="chronological-Suite" class="panel">
          <div class="main-panel-header rounded-window-top">
            <span class="header-content">Methods in chronological order</span>
          </div> <!-- main-panel-header rounded-window-top -->
          <div class="main-panel-content rounded-window-bottom">
            <div class="chronological-class">
              <div class="chronological-class-name">com.SnapDeals.Tests.RegisterTest</div> <!-- chronological-class-name -->
              <div class="configuration-suite before">
                <span class="method-name">setupSuite</span>
                <span class="method-start">0 ms</span>
              </div> <!-- configuration-suite before -->
              <div class="configuration-class before">
                <span class="method-name">launchBrowser(chrome)</span>
                <span class="method-start">249 ms</span>
              </div> <!-- configuration-class before -->
              <div class="test-method">
                <img src="failed.png">
                </img>
                <span class="method-name">Register</span>
                <span class="method-start">3039 ms</span>
              </div> <!-- test-method -->
              <div class="configuration-method after">
                <span class="method-name">tearDown([TestResult name=Register status=FAILURE method=RegisterTest.Register()[pri:0, instance:com.SnapDeal...)</span>
                <span class="method-start">17146 ms</span>
              </div> <!-- configuration-method after -->
              <div class="configuration-class after">
                <span class="method-name">tearDown</span>
                <span class="method-start">17471 ms</span>
              </div> <!-- configuration-class after -->
            </div> <!-- chronological-class -->
            <div class="chronological-class">
              <div class="chronological-class-name">com.SnapDeals.Tests.LoginTest</div> <!-- chronological-class-name -->
              <div class="configuration-class before">
                <span class="method-name">launchBrowser(chrome)</span>
                <span class="method-start">17758 ms</span>
              </div> <!-- configuration-class before -->
              <div class="configuration-class before">
                <span class="method-name">setupPage</span>
                <span class="method-start">20424 ms</span>
              </div> <!-- configuration-class before -->
              <div class="test-method">
                <span class="method-name">websiteCheck</span>
                <span class="method-start">20426 ms</span>
              </div> <!-- test-method -->
              <div class="configuration-method after">
                <span class="method-name">tearDown([TestResult name=websiteCheck status=SUCCESS method=LoginTest.websiteCheck()[pri:1, instance:com.Sna...)</span>
                <span class="method-start">20486 ms</span>
              </div> <!-- configuration-method after -->
              <div class="test-method">
                <span class="method-name">loginPageCheck</span>
                <span class="method-start">20510 ms</span>
              </div> <!-- test-method -->
              <div class="configuration-method after">
                <span class="method-name">tearDown([TestResult name=loginPageCheck status=SUCCESS method=LoginTest.loginPageCheck()[pri:2, instance:com...)</span>
                <span class="method-start">21575 ms</span>
              </div> <!-- configuration-method after -->
              <div class="test-method">
                <span class="method-name">FieldCheck</span>
                <span class="method-start">21596 ms</span>
              </div> <!-- test-method -->
              <div class="configuration-method after">
                <span class="method-name">tearDown([TestResult name=FieldCheck status=SUCCESS method=LoginTest.FieldCheck()[pri:3, instance:com.SnapDea...)</span>
                <span class="method-start">21631 ms</span>
              </div> <!-- configuration-method after -->
              <div class="test-method">
                <span class="method-name">LoginCheck(6304123745)</span>
                <span class="method-start">22381 ms</span>
              </div> <!-- test-method -->
              <div class="configuration-method after">
                <span class="method-name">tearDown([TestResult name=LoginCheck status=SUCCESS method=LoginTest.LoginCheck(java.lang.String)[pri:4, inst...)</span>
                <span class="method-start">59467 ms</span>
              </div> <!-- configuration-method after -->
              <div class="configuration-class after">
                <span class="method-name">tearDown</span>
                <span class="method-start">59505 ms</span>
              </div> <!-- configuration-class after -->
            </div> <!-- chronological-class -->
            <div class="chronological-class">
              <div class="chronological-class-name">com.SnapDeals.Tests.MenSelectionTest</div> <!-- chronological-class-name -->
              <div class="configuration-class before">
                <span class="method-name">launchBrowser(chrome)</span>
                <span class="method-start">59777 ms</span>
              </div> <!-- configuration-class before -->
              <div class="configuration-class before">
                <span class="method-name">setupPage</span>
                <span class="method-start">62071 ms</span>
              </div> <!-- configuration-class before -->
              <div class="test-method">
                <span class="method-name">loginToSnapdeal</span>
                <span class="method-start">62074 ms</span>
              </div> <!-- test-method -->
              <div class="configuration-method after">
                <span class="method-name">tearDown([TestResult name=loginToSnapdeal status=SUCCESS method=MenSelectionTest.loginToSnapdeal()[pri:1, ins...)</span>
                <span class="method-start">102623 ms</span>
              </div> <!-- configuration-method after -->
              <div class="test-method">
                <span class="method-name">menSelectionCheck</span>
                <span class="method-start">102657 ms</span>
              </div> <!-- test-method -->
              <div class="configuration-method after">
                <span class="method-name">tearDown([TestResult name=menSelectionCheck status=SUCCESS method=MenSelectionTest.menSelectionCheck()[pri:2,...)</span>
                <span class="method-start">109351 ms</span>
              </div> <!-- configuration-method after -->
              <div class="test-method">
                <span class="method-name">zipFilterCheck</span>
                <span class="method-start">109385 ms</span>
              </div> <!-- test-method -->
              <div class="configuration-method after">
                <span class="method-name">tearDown([TestResult name=zipFilterCheck status=SUCCESS method=MenSelectionTest.zipFilterCheck()[pri:3, insta...)</span>
                <span class="method-start">110049 ms</span>
              </div> <!-- configuration-method after -->
              <div class="test-method">
                <span class="method-name">selectDiscountCheck</span>
                <span class="method-start">110068 ms</span>
              </div> <!-- test-method -->
              <div class="configuration-method after">
                <span class="method-name">tearDown([TestResult name=selectDiscountCheck status=SUCCESS method=MenSelectionTest.selectDiscountCheck()[pr...)</span>
                <span class="method-start">111029 ms</span>
              </div> <!-- configuration-method after -->
              <div class="test-method">
                <span class="method-name">itemSelectionCheck</span>
                <span class="method-start">111071 ms</span>
              </div> <!-- test-method -->
              <div class="configuration-method after">
                <span class="method-name">tearDown([TestResult name=itemSelectionCheck status=SUCCESS method=MenSelectionTest.itemSelectionCheck()[pri:...)</span>
                <span class="method-start">113975 ms</span>
              </div> <!-- configuration-method after -->
              <div class="test-method">
                <span class="method-name">itemAddedToCartCheck</span>
                <span class="method-start">113989 ms</span>
              </div> <!-- test-method -->
              <div class="configuration-method after">
                <span class="method-name">tearDown([TestResult name=itemAddedToCartCheck status=SUCCESS method=MenSelectionTest.itemAddedToCartCheck()[...)</span>
                <span class="method-start">115339 ms</span>
              </div> <!-- configuration-method after -->
              <div class="configuration-class after">
                <span class="method-name">tearDown</span>
                <span class="method-start">115369 ms</span>
              </div> <!-- configuration-class after -->
            </div> <!-- chronological-class -->
            <div class="chronological-class">
              <div class="chronological-class-name">com.SnapDeals.Tests.SearchTest</div> <!-- chronological-class-name -->
              <div class="configuration-class before">
                <span class="method-name">launchBrowser(chrome)</span>
                <span class="method-start">115613 ms</span>
              </div> <!-- configuration-class before -->
              <div class="configuration-class before">
                <span class="method-name">setupPage</span>
                <span class="method-start">117777 ms</span>
              </div> <!-- configuration-class before -->
              <div class="test-method">
                <span class="method-name">searchText</span>
                <span class="method-start">117781 ms</span>
              </div> <!-- test-method -->
              <div class="configuration-method after">
                <span class="method-name">tearDown([TestResult name=searchText status=SUCCESS method=SearchTest.searchText()[pri:1, instance:com.SnapDe...)</span>
                <span class="method-start">117817 ms</span>
              </div> <!-- configuration-method after -->
              <div class="test-method">
                <span class="method-name">searchButton</span>
                <span class="method-start">117836 ms</span>
              </div> <!-- test-method -->
              <div class="configuration-method after">
                <span class="method-name">tearDown([TestResult name=searchButton status=SUCCESS method=SearchTest.searchButton()[pri:2, instance:com.Sn...)</span>
                <span class="method-start">118146 ms</span>
              </div> <!-- configuration-method after -->
              <div class="test-method">
                <span class="method-name">search</span>
                <span class="method-start">118157 ms</span>
              </div> <!-- test-method -->
              <div class="configuration-method after">
                <span class="method-name">tearDown([TestResult name=search status=SUCCESS method=SearchTest.search()[pri:3, instance:com.SnapDeals.Test...)</span>
                <span class="method-start">120259 ms</span>
              </div> <!-- configuration-method after -->
              <div class="test-method">
                <span class="method-name">sortBy</span>
                <span class="method-start">120273 ms</span>
              </div> <!-- test-method -->
              <div class="configuration-method after">
                <span class="method-name">tearDown([TestResult name=sortBy status=SUCCESS method=SearchTest.sortBy()[pri:4, instance:com.SnapDeals.Test...)</span>
                <span class="method-start">120460 ms</span>
              </div> <!-- configuration-method after -->
              <div class="test-method">
                <span class="method-name">chooseItem</span>
                <span class="method-start">120478 ms</span>
              </div> <!-- test-method -->
              <div class="configuration-method after">
                <span class="method-name">tearDown([TestResult name=chooseItem status=SUCCESS method=SearchTest.chooseItem()[pri:5, instance:com.SnapDe...)</span>
                <span class="method-start">123121 ms</span>
              </div> <!-- configuration-method after -->
              <div class="test-method">
                <span class="method-name">addItemToCart</span>
                <span class="method-start">123127 ms</span>
              </div> <!-- test-method -->
              <div class="configuration-method after">
                <span class="method-name">tearDown([TestResult name=addItemToCart status=SUCCESS method=SearchTest.addItemToCart()[pri:6, instance:com....)</span>
                <span class="method-start">124486 ms</span>
              </div> <!-- configuration-method after -->
              <div class="configuration-class after">
                <span class="method-name">tearDown</span>
                <span class="method-start">124494 ms</span>
              </div> <!-- configuration-class after -->
            </div> <!-- chronological-class -->
            <div class="chronological-class">
              <div class="chronological-class-name">com.SnapDeals.Tests.CartTest</div> <!-- chronological-class-name -->
              <div class="configuration-class before">
                <span class="method-name">launchBrowser(chrome)</span>
                <span class="method-start">124660 ms</span>
              </div> <!-- configuration-class before -->
              <div class="configuration-class before">
                <span class="method-name">setupPage</span>
                <span class="method-start">127020 ms</span>
              </div> <!-- configuration-class before -->
              <div class="test-method">
                <span class="method-name">loginToSnapdeal</span>
                <span class="method-start">127023 ms</span>
              </div> <!-- test-method -->
              <div class="configuration-method after">
                <span class="method-name">tearDown([TestResult name=loginToSnapdeal status=SUCCESS method=CartTest.loginToSnapdeal()[pri:1, instance:co...)</span>
                <span class="method-start">167671 ms</span>
              </div> <!-- configuration-method after -->
              <div class="test-method">
                <span class="method-name">cartIcon</span>
                <span class="method-start">167706 ms</span>
              </div> <!-- test-method -->
              <div class="configuration-method after">
                <span class="method-name">tearDown([TestResult name=cartIcon status=SUCCESS method=CartTest.cartIcon()[pri:2, instance:com.SnapDeals.Te...)</span>
                <span class="method-start">167738 ms</span>
              </div> <!-- configuration-method after -->
              <div class="test-method">
                <span class="method-name">openCart</span>
                <span class="method-start">167760 ms</span>
              </div> <!-- test-method -->
              <div class="configuration-method after">
                <span class="method-name">tearDown([TestResult name=openCart status=SUCCESS method=CartTest.openCart()[pri:3, instance:com.SnapDeals.Te...)</span>
                <span class="method-start">172114 ms</span>
              </div> <!-- configuration-method after -->
              <div class="test-method">
                <span class="method-name">editPincode</span>
                <span class="method-start">172130 ms</span>
              </div> <!-- test-method -->
              <div class="configuration-method after">
                <span class="method-name">tearDown([TestResult name=editPincode status=SUCCESS method=CartTest.editPincode()[pri:4, instance:com.SnapDe...)</span>
                <span class="method-start">172502 ms</span>
              </div> <!-- configuration-method after -->
              <div class="test-method">
                <img src="failed.png">
                </img>
                <span class="method-name">incQuantity</span>
                <span class="method-start">172524 ms</span>
              </div> <!-- test-method -->
              <div class="configuration-method after">
                <span class="method-name">tearDown([TestResult name=incQuantity status=FAILURE method=CartTest.incQuantity()[pri:5, instance:com.SnapDe...)</span>
                <span class="method-start">172685 ms</span>
              </div> <!-- configuration-method after -->
              <div class="test-method">
                <span class="method-name">proceed</span>
                <span class="method-start">172825 ms</span>
              </div> <!-- test-method -->
              <div class="configuration-method after">
                <span class="method-name">tearDown([TestResult name=proceed status=SUCCESS method=CartTest.proceed()[pri:6, instance:com.SnapDeals.Test...)</span>
                <span class="method-start">172933 ms</span>
              </div> <!-- configuration-method after -->
              <div class="configuration-class after">
                <span class="method-name">tearDown</span>
                <span class="method-start">172941 ms</span>
              </div> <!-- configuration-class after -->
            </div> <!-- chronological-class -->
            <div class="chronological-class">
              <div class="chronological-class-name">com.SnapDeals.Tests.RegisterTest</div> <!-- chronological-class-name -->
              <div class="configuration-suite after">
                <span class="method-name">tearDownSuite</span>
                <span class="method-start">173226 ms</span>
              </div> <!-- configuration-suite after -->
          </div> <!-- main-panel-content rounded-window-bottom -->
        </div> <!-- panel -->
      </div> <!-- main-panel-root -->
    </div> <!-- wrapper -->
  </body>
<script type="text/javascript" src="testng-reports2.js"></script>
</html>
