<?xml version="1.0" encoding="UTF-8"?>
<testng-results ignored="0" total="23" passed="21" failed="2" skipped="0">
  <reporter-output>
  </reporter-output>
  <suite started-at="2025-07-31T23:46:40 IST" name="Suite" finished-at="2025-07-31T23:49:33 IST" duration-ms="172978">
    <groups>
    </groups>
    <test started-at="2025-07-31T23:46:40 IST" name="Test" finished-at="2025-07-31T23:49:33 IST" duration-ms="172978">
      <class name="com.SnapDeals.Tests.LoginTest">
        <test-method is-config="true" signature="launchBrowser(java.lang.String)[pri:0, instance:com.SnapDeals.Tests.LoginTest@38e79ae3]" started-at="2025-07-31T23:46:57 IST" name="launchBrowser" finished-at="2025-07-31T23:47:00 IST" duration-ms="2665" status="PASS">
          <params>
            <param index="0">
              <value>
                <![CDATA[chrome]]>
              </value>
            </param>
          </params>
          <reporter-output>
          </reporter-output>
        </test-method> <!-- launchBrowser -->
        <test-method is-config="true" signature="setupPage()[pri:0, instance:com.SnapDeals.Tests.LoginTest@38e79ae3]" started-at="2025-07-31T23:47:00 IST" name="setupPage" finished-at="2025-07-31T23:47:00 IST" duration-ms="1" status="PASS">
          <reporter-output>
          </reporter-output>
        </test-method> <!-- setupPage -->
        <test-method signature="websiteCheck()[pri:1, instance:com.SnapDeals.Tests.LoginTest@38e79ae3]" started-at="2025-07-31T23:47:00 IST" name="websiteCheck" finished-at="2025-07-31T23:47:00 IST" duration-ms="59" status="PASS">
          <reporter-output>
          </reporter-output>
        </test-method> <!-- websiteCheck -->
        <test-method is-config="true" signature="tearDown(org.testng.ITestResult)[pri:0, instance:com.SnapDeals.Tests.LoginTest@38e79ae3]" started-at="2025-07-31T23:47:00 IST" name="tearDown" finished-at="2025-07-31T23:47:00 IST" duration-ms="23" status="PASS">
          <params>
            <param index="0">
              <value>
                <![CDATA[[TestResult name=websiteCheck status=SUCCESS method=LoginTest.websiteCheck()[pri:1, instance:com.SnapDeals.Tests.LoginTest@38e79ae3] output={null}]]]>
              </value>
            </param>
          </params>
          <reporter-output>
          </reporter-output>
        </test-method> <!-- tearDown -->
        <test-method signature="loginPageCheck()[pri:2, instance:com.SnapDeals.Tests.LoginTest@38e79ae3]" started-at="2025-07-31T23:47:00 IST" name="loginPageCheck" finished-at="2025-07-31T23:47:01 IST" duration-ms="1064" status="PASS">
          <reporter-output>
          </reporter-output>
        </test-method> <!-- loginPageCheck -->
        <test-method is-config="true" signature="tearDown(org.testng.ITestResult)[pri:0, instance:com.SnapDeals.Tests.LoginTest@38e79ae3]" started-at="2025-07-31T23:47:01 IST" name="tearDown" finished-at="2025-07-31T23:47:01 IST" duration-ms="19" status="PASS">
          <params>
            <param index="0">
              <value>
                <![CDATA[[TestResult name=loginPageCheck status=SUCCESS method=LoginTest.loginPageCheck()[pri:2, instance:com.SnapDeals.Tests.LoginTest@38e79ae3] output={null}]]]>
              </value>
            </param>
          </params>
          <reporter-output>
          </reporter-output>
        </test-method> <!-- tearDown -->
        <test-method signature="FieldCheck()[pri:3, instance:com.SnapDeals.Tests.LoginTest@38e79ae3]" started-at="2025-07-31T23:47:01 IST" name="FieldCheck" finished-at="2025-07-31T23:47:01 IST" duration-ms="31" status="PASS">
          <reporter-output>
          </reporter-output>
        </test-method> <!-- FieldCheck -->
        <test-method is-config="true" signature="tearDown(org.testng.ITestResult)[pri:0, instance:com.SnapDeals.Tests.LoginTest@38e79ae3]" started-at="2025-07-31T23:47:01 IST" name="tearDown" finished-at="2025-07-31T23:47:01 IST" duration-ms="23" status="PASS">
          <params>
            <param index="0">
              <value>
                <![CDATA[[TestResult name=FieldCheck status=SUCCESS method=LoginTest.FieldCheck()[pri:3, instance:com.SnapDeals.Tests.LoginTest@38e79ae3] output={null}]]]>
              </value>
            </param>
          </params>
          <reporter-output>
          </reporter-output>
        </test-method> <!-- tearDown -->
        <test-method signature="LoginCheck(java.lang.String)[pri:4, instance:com.SnapDeals.Tests.LoginTest@38e79ae3]" started-at="2025-07-31T23:47:02 IST" name="LoginCheck" data-provider="logindata" finished-at="2025-07-31T23:47:39 IST" duration-ms="37083" status="PASS">
          <params>
            <param index="0">
              <value>
                <![CDATA[6304123745]]>
              </value>
            </param>
          </params>
          <reporter-output>
          </reporter-output>
        </test-method> <!-- LoginCheck -->
        <test-method is-config="true" signature="tearDown(org.testng.ITestResult)[pri:0, instance:com.SnapDeals.Tests.LoginTest@38e79ae3]" started-at="2025-07-31T23:47:39 IST" name="tearDown" finished-at="2025-07-31T23:47:39 IST" duration-ms="38" status="PASS">
          <params>
            <param index="0">
              <value>
                <![CDATA[[TestResult name=LoginCheck status=SUCCESS method=LoginTest.LoginCheck(java.lang.String)[pri:4, instance:com.SnapDeals.Tests.LoginTest@38e79ae3] output={null}]]]>
              </value>
            </param>
          </params>
          <reporter-output>
          </reporter-output>
        </test-method> <!-- tearDown -->
        <test-method is-config="true" signature="tearDown()[pri:0, instance:com.SnapDeals.Tests.LoginTest@38e79ae3]" started-at="2025-07-31T23:47:39 IST" name="tearDown" finished-at="2025-07-31T23:47:39 IST" duration-ms="271" status="PASS">
          <reporter-output>
          </reporter-output>
        </test-method> <!-- tearDown -->
      </class> <!-- com.SnapDeals.Tests.LoginTest -->
      <class name="com.SnapDeals.Tests.SearchTest">
        <test-method is-config="true" signature="launchBrowser(java.lang.String)[pri:0, instance:com.SnapDeals.Tests.SearchTest@291b4bf5]" started-at="2025-07-31T23:48:35 IST" name="launchBrowser" finished-at="2025-07-31T23:48:37 IST" duration-ms="2164" status="PASS">
          <params>
            <param index="0">
              <value>
                <![CDATA[chrome]]>
              </value>
            </param>
          </params>
          <reporter-output>
          </reporter-output>
        </test-method> <!-- launchBrowser -->
        <test-method is-config="true" signature="setupPage()[pri:0, instance:com.SnapDeals.Tests.SearchTest@291b4bf5]" started-at="2025-07-31T23:48:37 IST" name="setupPage" finished-at="2025-07-31T23:48:37 IST" duration-ms="4" status="PASS">
          <reporter-output>
          </reporter-output>
        </test-method> <!-- setupPage -->
        <test-method signature="searchText()[pri:1, instance:com.SnapDeals.Tests.SearchTest@291b4bf5]" started-at="2025-07-31T23:48:37 IST" name="searchText" finished-at="2025-07-31T23:48:37 IST" duration-ms="35" status="PASS">
          <reporter-output>
          </reporter-output>
        </test-method> <!-- searchText -->
        <test-method is-config="true" signature="tearDown(org.testng.ITestResult)[pri:0, instance:com.SnapDeals.Tests.SearchTest@291b4bf5]" started-at="2025-07-31T23:48:37 IST" name="tearDown" finished-at="2025-07-31T23:48:37 IST" duration-ms="18" status="PASS">
          <params>
            <param index="0">
              <value>
                <![CDATA[[TestResult name=searchText status=SUCCESS method=SearchTest.searchText()[pri:1, instance:com.SnapDeals.Tests.SearchTest@291b4bf5] output={null}]]]>
              </value>
            </param>
          </params>
          <reporter-output>
          </reporter-output>
        </test-method> <!-- tearDown -->
        <test-method signature="searchButton()[pri:2, instance:com.SnapDeals.Tests.SearchTest@291b4bf5]" started-at="2025-07-31T23:48:37 IST" name="searchButton" finished-at="2025-07-31T23:48:38 IST" duration-ms="308" status="PASS">
          <reporter-output>
          </reporter-output>
        </test-method> <!-- searchButton -->
        <test-method is-config="true" signature="tearDown(org.testng.ITestResult)[pri:0, instance:com.SnapDeals.Tests.SearchTest@291b4bf5]" started-at="2025-07-31T23:48:38 IST" name="tearDown" finished-at="2025-07-31T23:48:38 IST" duration-ms="10" status="PASS">
          <params>
            <param index="0">
              <value>
                <![CDATA[[TestResult name=searchButton status=SUCCESS method=SearchTest.searchButton()[pri:2, instance:com.SnapDeals.Tests.SearchTest@291b4bf5] output={null}]]]>
              </value>
            </param>
          </params>
          <reporter-output>
          </reporter-output>
        </test-method> <!-- tearDown -->
        <test-method signature="search()[pri:3, instance:com.SnapDeals.Tests.SearchTest@291b4bf5]" started-at="2025-07-31T23:48:38 IST" name="search" finished-at="2025-07-31T23:48:40 IST" duration-ms="2101" status="PASS">
          <reporter-output>
          </reporter-output>
        </test-method> <!-- search -->
        <test-method is-config="true" signature="tearDown(org.testng.ITestResult)[pri:0, instance:com.SnapDeals.Tests.SearchTest@291b4bf5]" started-at="2025-07-31T23:48:40 IST" name="tearDown" finished-at="2025-07-31T23:48:40 IST" duration-ms="13" status="PASS">
          <params>
            <param index="0">
              <value>
                <![CDATA[[TestResult name=search status=SUCCESS method=SearchTest.search()[pri:3, instance:com.SnapDeals.Tests.SearchTest@291b4bf5] output={null}]]]>
              </value>
            </param>
          </params>
          <reporter-output>
          </reporter-output>
        </test-method> <!-- tearDown -->
        <test-method signature="sortBy()[pri:4, instance:com.SnapDeals.Tests.SearchTest@291b4bf5]" started-at="2025-07-31T23:48:40 IST" name="sortBy" finished-at="2025-07-31T23:48:40 IST" duration-ms="187" status="PASS">
          <reporter-output>
          </reporter-output>
        </test-method> <!-- sortBy -->
        <test-method is-config="true" signature="tearDown(org.testng.ITestResult)[pri:0, instance:com.SnapDeals.Tests.SearchTest@291b4bf5]" started-at="2025-07-31T23:48:40 IST" name="tearDown" finished-at="2025-07-31T23:48:40 IST" duration-ms="17" status="PASS">
          <params>
            <param index="0">
              <value>
                <![CDATA[[TestResult name=sortBy status=SUCCESS method=SearchTest.sortBy()[pri:4, instance:com.SnapDeals.Tests.SearchTest@291b4bf5] output={null}]]]>
              </value>
            </param>
          </params>
          <reporter-output>
          </reporter-output>
        </test-method> <!-- tearDown -->
        <test-method signature="chooseItem()[pri:5, instance:com.SnapDeals.Tests.SearchTest@291b4bf5]" started-at="2025-07-31T23:48:40 IST" name="chooseItem" finished-at="2025-07-31T23:48:43 IST" duration-ms="2642" status="PASS">
          <reporter-output>
          </reporter-output>
        </test-method> <!-- chooseItem -->
        <test-method is-config="true" signature="tearDown(org.testng.ITestResult)[pri:0, instance:com.SnapDeals.Tests.SearchTest@291b4bf5]" started-at="2025-07-31T23:48:43 IST" name="tearDown" finished-at="2025-07-31T23:48:43 IST" duration-ms="5" status="PASS">
          <params>
            <param index="0">
              <value>
                <![CDATA[[TestResult name=chooseItem status=SUCCESS method=SearchTest.chooseItem()[pri:5, instance:com.SnapDeals.Tests.SearchTest@291b4bf5] output={null}]]]>
              </value>
            </param>
          </params>
          <reporter-output>
          </reporter-output>
        </test-method> <!-- tearDown -->
        <test-method signature="addItemToCart()[pri:6, instance:com.SnapDeals.Tests.SearchTest@291b4bf5]" started-at="2025-07-31T23:48:43 IST" name="addItemToCart" finished-at="2025-07-31T23:48:44 IST" duration-ms="1359" status="PASS">
          <reporter-output>
          </reporter-output>
        </test-method> <!-- addItemToCart -->
        <test-method is-config="true" signature="tearDown(org.testng.ITestResult)[pri:0, instance:com.SnapDeals.Tests.SearchTest@291b4bf5]" started-at="2025-07-31T23:48:44 IST" name="tearDown" finished-at="2025-07-31T23:48:44 IST" duration-ms="7" status="PASS">
          <params>
            <param index="0">
              <value>
                <![CDATA[[TestResult name=addItemToCart status=SUCCESS method=SearchTest.addItemToCart()[pri:6, instance:com.SnapDeals.Tests.SearchTest@291b4bf5] output={null}]]]>
              </value>
            </param>
          </params>
          <reporter-output>
          </reporter-output>
        </test-method> <!-- tearDown -->
        <test-method is-config="true" signature="tearDown()[pri:0, instance:com.SnapDeals.Tests.SearchTest@291b4bf5]" started-at="2025-07-31T23:48:44 IST" name="tearDown" finished-at="2025-07-31T23:48:44 IST" duration-ms="165" status="PASS">
          <reporter-output>
          </reporter-output>
        </test-method> <!-- tearDown -->
      </class> <!-- com.SnapDeals.Tests.SearchTest -->
      <class name="com.SnapDeals.Tests.RegisterTest">
        <test-method is-config="true" signature="setupSuite()[pri:0, instance:com.SnapDeals.Tests.RegisterTest@707194ba]" started-at="2025-07-31T23:46:39 IST" name="setupSuite" finished-at="2025-07-31T23:46:40 IST" duration-ms="218" status="PASS">
          <reporter-output>
          </reporter-output>
        </test-method> <!-- setupSuite -->
        <test-method is-config="true" signature="launchBrowser(java.lang.String)[pri:0, instance:com.SnapDeals.Tests.RegisterTest@707194ba]" started-at="2025-07-31T23:46:40 IST" name="launchBrowser" finished-at="2025-07-31T23:46:42 IST" duration-ms="2778" status="PASS">
          <params>
            <param index="0">
              <value>
                <![CDATA[chrome]]>
              </value>
            </param>
          </params>
          <reporter-output>
          </reporter-output>
        </test-method> <!-- launchBrowser -->
        <test-method signature="Register()[pri:0, instance:com.SnapDeals.Tests.RegisterTest@707194ba]" started-at="2025-07-31T23:46:42 IST" name="Register" finished-at="2025-07-31T23:46:57 IST" duration-ms="14104" status="FAIL">
          <exception class="org.openqa.selenium.TimeoutException">
            <message>
              <![CDATA[Expected condition failed: waiting for element to be clickable: By.id: j_username_new (tried for 10 second(s) with 500 milliseconds interval)
Build info: version: '4.33.0', revision: '2c6aaad03a'
System info: os.name: 'Windows 11', os.arch: 'amd64', os.version: '10.0', java.version: '17.0.12'
Driver info: org.openqa.selenium.chrome.ChromeDriver
Capabilities {acceptInsecureCerts: false, browserName: chrome, browserVersion: 138.0.7204.183, chrome: {chromedriverVersion: 138.0.7204.183 (e90faf484dd..., userDataDir: C:\Users\NAVYAS~1\AppData\L...}, fedcm:accounts: true, goog:chromeOptions: {debuggerAddress: localhost:53590}, networkConnectionEnabled: false, pageLoadStrategy: normal, platformName: windows, proxy: Proxy(), se:cdp: ws://localhost:53590/devtoo..., se:cdpVersion: 138.0.7204.183, setWindowRect: true, strictFileInteractability: false, timeouts: {implicit: 0, pageLoad: 300000, script: 30000}, unhandledPromptBehavior: dismiss and notify, webauthn:extension:credBlob: true, webauthn:extension:largeBlob: true, webauthn:extension:minPinLength: true, webauthn:extension:prf: true, webauthn:virtualAuthenticators: true}
Session ID: 6d3be96a05d327449a5cf36279716556]]>
            </message>
            <full-stacktrace>
              <![CDATA[org.openqa.selenium.TimeoutException: Expected condition failed: waiting for element to be clickable: By.id: j_username_new (tried for 10 second(s) with 500 milliseconds interval)
Build info: version: '4.33.0', revision: '2c6aaad03a'
System info: os.name: 'Windows 11', os.arch: 'amd64', os.version: '10.0', java.version: '17.0.12'
Driver info: org.openqa.selenium.chrome.ChromeDriver
Capabilities {acceptInsecureCerts: false, browserName: chrome, browserVersion: 138.0.7204.183, chrome: {chromedriverVersion: 138.0.7204.183 (e90faf484dd..., userDataDir: C:\Users\NAVYAS~1\AppData\L...}, fedcm:accounts: true, goog:chromeOptions: {debuggerAddress: localhost:53590}, networkConnectionEnabled: false, pageLoadStrategy: normal, platformName: windows, proxy: Proxy(), se:cdp: ws://localhost:53590/devtoo..., se:cdpVersion: 138.0.7204.183, setWindowRect: true, strictFileInteractability: false, timeouts: {implicit: 0, pageLoad: 300000, script: 30000}, unhandledPromptBehavior: dismiss and notify, webauthn:extension:credBlob: true, webauthn:extension:largeBlob: true, webauthn:extension:minPinLength: true, webauthn:extension:prf: true, webauthn:virtualAuthenticators: true}
Session ID: 6d3be96a05d327449a5cf36279716556
at org.openqa.selenium.support.ui.WebDriverWait.timeoutException(WebDriverWait.java:84)
at org.openqa.selenium.support.ui.FluentWait.until(FluentWait.java:228)
at com.SnapDeals.Pages.RegisterPage.emailEle(RegisterPage.java:70)
at com.SnapDeals.Tests.RegisterTest.Register(RegisterTest.java:17)
at java.base/jdk.internal.reflect.NativeMethodAccessorImpl.invoke0(Native Method)
at java.base/jdk.internal.reflect.NativeMethodAccessorImpl.invoke(NativeMethodAccessorImpl.java:77)
at java.base/jdk.internal.reflect.DelegatingMethodAccessorImpl.invoke(DelegatingMethodAccessorImpl.java:43)
at java.base/java.lang.reflect.Method.invoke(Method.java:568)
at org.testng.internal.invokers.MethodInvocationHelper.invokeMethod(MethodInvocationHelper.java:141)
at org.testng.internal.invokers.TestInvoker.invokeMethod(TestInvoker.java:687)
at org.testng.internal.invokers.TestInvoker.invokeTestMethod(TestInvoker.java:230)
at org.testng.internal.invokers.MethodRunner.runInSequence(MethodRunner.java:63)
at org.testng.internal.invokers.TestInvoker$MethodInvocationAgent.invoke(TestInvoker.java:995)
at org.testng.internal.invokers.TestInvoker.invokeTestMethods(TestInvoker.java:203)
at org.testng.internal.invokers.TestMethodWorker.invokeTestMethods(TestMethodWorker.java:154)
at org.testng.internal.invokers.TestMethodWorker.run(TestMethodWorker.java:134)
at java.base/java.util.ArrayList.forEach(ArrayList.java:1511)
at org.testng.TestRunner.privateRun(TestRunner.java:741)
at org.testng.TestRunner.run(TestRunner.java:616)
at org.testng.SuiteRunner.runTest(SuiteRunner.java:421)
at org.testng.SuiteRunner.runSequentially(SuiteRunner.java:413)
at org.testng.SuiteRunner.privateRun(SuiteRunner.java:373)
at org.testng.SuiteRunner.run(SuiteRunner.java:312)
at org.testng.SuiteRunnerWorker.runSuite(SuiteRunnerWorker.java:52)
at org.testng.SuiteRunnerWorker.run(SuiteRunnerWorker.java:95)
at org.testng.TestNG.runSuitesSequentially(TestNG.java:1274)
at org.testng.TestNG.runSuitesLocally(TestNG.java:1208)
at org.testng.TestNG.runSuites(TestNG.java:1112)
at org.testng.TestNG.run(TestNG.java:1079)
at org.testng.remote.AbstractRemoteTestNG.run(AbstractRemoteTestNG.java:115)
at org.testng.remote.RemoteTestNG.initAndRun(RemoteTestNG.java:293)
at org.testng.remote.RemoteTestNG.main(RemoteTestNG.java:91)
]]>
            </full-stacktrace>
          </exception> <!-- org.openqa.selenium.TimeoutException -->
          <reporter-output>
          </reporter-output>
        </test-method> <!-- Register -->
        <test-method is-config="true" signature="tearDown(org.testng.ITestResult)[pri:0, instance:com.SnapDeals.Tests.RegisterTest@707194ba]" started-at="2025-07-31T23:46:57 IST" name="tearDown" finished-at="2025-07-31T23:46:57 IST" duration-ms="322" status="PASS">
          <params>
            <param index="0">
              <value>
                <![CDATA[[TestResult name=Register status=FAILURE method=RegisterTest.Register()[pri:0, instance:com.SnapDeals.Tests.RegisterTest@707194ba] output={null}]]]>
              </value>
            </param>
          </params>
          <reporter-output>
          </reporter-output>
        </test-method> <!-- tearDown -->
        <test-method is-config="true" signature="tearDown()[pri:0, instance:com.SnapDeals.Tests.RegisterTest@707194ba]" started-at="2025-07-31T23:46:57 IST" name="tearDown" finished-at="2025-07-31T23:46:57 IST" duration-ms="284" status="PASS">
          <reporter-output>
          </reporter-output>
        </test-method> <!-- tearDown -->
        <test-method is-config="true" signature="tearDownSuite()[pri:0, instance:com.SnapDeals.Tests.RegisterTest@707194ba]" started-at="2025-07-31T23:49:33 IST" name="tearDownSuite" finished-at="2025-07-31T23:49:33 IST" duration-ms="9" status="PASS">
          <reporter-output>
          </reporter-output>
        </test-method> <!-- tearDownSuite -->
      </class> <!-- com.SnapDeals.Tests.RegisterTest -->
      <class name="com.SnapDeals.Tests.CartTest">
        <test-method is-config="true" signature="launchBrowser(java.lang.String)[pri:0, instance:com.SnapDeals.Tests.CartTest@2d2ffcb7]" started-at="2025-07-31T23:48:44 IST" name="launchBrowser" finished-at="2025-07-31T23:48:46 IST" duration-ms="2360" status="PASS">
          <params>
            <param index="0">
              <value>
                <![CDATA[chrome]]>
              </value>
            </param>
          </params>
          <reporter-output>
          </reporter-output>
        </test-method> <!-- launchBrowser -->
        <test-method is-config="true" signature="setupPage()[pri:0, instance:com.SnapDeals.Tests.CartTest@2d2ffcb7]" started-at="2025-07-31T23:48:46 IST" name="setupPage" finished-at="2025-07-31T23:48:46 IST" duration-ms="3" status="PASS">
          <reporter-output>
          </reporter-output>
        </test-method> <!-- setupPage -->
        <test-method signature="loginToSnapdeal()[pri:1, instance:com.SnapDeals.Tests.CartTest@2d2ffcb7]" started-at="2025-07-31T23:48:46 IST" name="loginToSnapdeal" finished-at="2025-07-31T23:49:27 IST" duration-ms="40645" status="PASS">
          <reporter-output>
          </reporter-output>
        </test-method> <!-- loginToSnapdeal -->
        <test-method is-config="true" signature="tearDown(org.testng.ITestResult)[pri:0, instance:com.SnapDeals.Tests.CartTest@2d2ffcb7]" started-at="2025-07-31T23:49:27 IST" name="tearDown" finished-at="2025-07-31T23:49:27 IST" duration-ms="34" status="PASS">
          <params>
            <param index="0">
              <value>
                <![CDATA[[TestResult name=loginToSnapdeal status=SUCCESS method=CartTest.loginToSnapdeal()[pri:1, instance:com.SnapDeals.Tests.CartTest@2d2ffcb7] output={null}]]]>
              </value>
            </param>
          </params>
          <reporter-output>
          </reporter-output>
        </test-method> <!-- tearDown -->
        <test-method signature="cartIcon()[pri:2, instance:com.SnapDeals.Tests.CartTest@2d2ffcb7]" started-at="2025-07-31T23:49:27 IST" name="cartIcon" finished-at="2025-07-31T23:49:27 IST" duration-ms="29" status="PASS">
          <reporter-output>
          </reporter-output>
        </test-method> <!-- cartIcon -->
        <test-method is-config="true" signature="tearDown(org.testng.ITestResult)[pri:0, instance:com.SnapDeals.Tests.CartTest@2d2ffcb7]" started-at="2025-07-31T23:49:27 IST" name="tearDown" finished-at="2025-07-31T23:49:27 IST" duration-ms="17" status="PASS">
          <params>
            <param index="0">
              <value>
                <![CDATA[[TestResult name=cartIcon status=SUCCESS method=CartTest.cartIcon()[pri:2, instance:com.SnapDeals.Tests.CartTest@2d2ffcb7] output={null}]]]>
              </value>
            </param>
          </params>
          <reporter-output>
          </reporter-output>
        </test-method> <!-- tearDown -->
        <test-method signature="openCart()[pri:3, instance:com.SnapDeals.Tests.CartTest@2d2ffcb7]" started-at="2025-07-31T23:49:27 IST" name="openCart" finished-at="2025-07-31T23:49:32 IST" duration-ms="4353" status="PASS">
          <reporter-output>
          </reporter-output>
        </test-method> <!-- openCart -->
        <test-method is-config="true" signature="tearDown(org.testng.ITestResult)[pri:0, instance:com.SnapDeals.Tests.CartTest@2d2ffcb7]" started-at="2025-07-31T23:49:32 IST" name="tearDown" finished-at="2025-07-31T23:49:32 IST" duration-ms="15" status="PASS">
          <params>
            <param index="0">
              <value>
                <![CDATA[[TestResult name=openCart status=SUCCESS method=CartTest.openCart()[pri:3, instance:com.SnapDeals.Tests.CartTest@2d2ffcb7] output={null}]]]>
              </value>
            </param>
          </params>
          <reporter-output>
          </reporter-output>
        </test-method> <!-- tearDown -->
        <test-method signature="editPincode()[pri:4, instance:com.SnapDeals.Tests.CartTest@2d2ffcb7]" started-at="2025-07-31T23:49:32 IST" name="editPincode" finished-at="2025-07-31T23:49:32 IST" duration-ms="372" status="PASS">
          <reporter-output>
          </reporter-output>
        </test-method> <!-- editPincode -->
        <test-method is-config="true" signature="tearDown(org.testng.ITestResult)[pri:0, instance:com.SnapDeals.Tests.CartTest@2d2ffcb7]" started-at="2025-07-31T23:49:32 IST" name="tearDown" finished-at="2025-07-31T23:49:32 IST" duration-ms="21" status="PASS">
          <params>
            <param index="0">
              <value>
                <![CDATA[[TestResult name=editPincode status=SUCCESS method=CartTest.editPincode()[pri:4, instance:com.SnapDeals.Tests.CartTest@2d2ffcb7] output={null}]]]>
              </value>
            </param>
          </params>
          <reporter-output>
          </reporter-output>
        </test-method> <!-- tearDown -->
        <test-method signature="incQuantity()[pri:5, instance:com.SnapDeals.Tests.CartTest@2d2ffcb7]" started-at="2025-07-31T23:49:32 IST" name="incQuantity" finished-at="2025-07-31T23:49:32 IST" duration-ms="160" status="FAIL">
          <exception class="org.openqa.selenium.StaleElementReferenceException">
            <message>
              <![CDATA[stale element reference: stale element not found in the current frame
  (Session info: chrome=138.0.7204.183)
For documentation on this error, please visit: https://www.selenium.dev/documentation/webdriver/troubleshooting/errors#stale-element-reference-exception
Build info: version: '4.33.0', revision: '2c6aaad03a'
System info: os.name: 'Windows 11', os.arch: 'amd64', os.version: '10.0', java.version: '17.0.12'
Driver info: org.openqa.selenium.chrome.ChromeDriver
Command: [a14493700c4ea1e150573dd393a855c1, clickElement {id=f.68A5204C5370263992EDF66EDE593D5D.d.51835E6113638BCE5867CA485EFC1D10.e.209}]
Capabilities {acceptInsecureCerts: false, browserName: chrome, browserVersion: 138.0.7204.183, chrome: {chromedriverVersion: 138.0.7204.183 (e90faf484dd..., userDataDir: C:\Users\NAVYAS~1\AppData\L...}, fedcm:accounts: true, goog:chromeOptions: {debuggerAddress: localhost:54099}, networkConnectionEnabled: false, pageLoadStrategy: normal, platformName: windows, proxy: Proxy(), se:cdp: ws://localhost:54099/devtoo..., se:cdpVersion: 138.0.7204.183, setWindowRect: true, strictFileInteractability: false, timeouts: {implicit: 0, pageLoad: 300000, script: 30000}, unhandledPromptBehavior: dismiss and notify, webauthn:extension:credBlob: true, webauthn:extension:largeBlob: true, webauthn:extension:minPinLength: true, webauthn:extension:prf: true, webauthn:virtualAuthenticators: true}
Element: [[ChromeDriver: chrome on windows (a14493700c4ea1e150573dd393a855c1)] -> css selector: div.styledSelect.item-quantity]
Session ID: a14493700c4ea1e150573dd393a855c1]]>
            </message>
            <full-stacktrace>
              <![CDATA[org.openqa.selenium.StaleElementReferenceException: stale element reference: stale element not found in the current frame
  (Session info: chrome=138.0.7204.183)
For documentation on this error, please visit: https://www.selenium.dev/documentation/webdriver/troubleshooting/errors#stale-element-reference-exception
Build info: version: '4.33.0', revision: '2c6aaad03a'
System info: os.name: 'Windows 11', os.arch: 'amd64', os.version: '10.0', java.version: '17.0.12'
Driver info: org.openqa.selenium.chrome.ChromeDriver
Command: [a14493700c4ea1e150573dd393a855c1, clickElement {id=f.68A5204C5370263992EDF66EDE593D5D.d.51835E6113638BCE5867CA485EFC1D10.e.209}]
Capabilities {acceptInsecureCerts: false, browserName: chrome, browserVersion: 138.0.7204.183, chrome: {chromedriverVersion: 138.0.7204.183 (e90faf484dd..., userDataDir: C:\Users\NAVYAS~1\AppData\L...}, fedcm:accounts: true, goog:chromeOptions: {debuggerAddress: localhost:54099}, networkConnectionEnabled: false, pageLoadStrategy: normal, platformName: windows, proxy: Proxy(), se:cdp: ws://localhost:54099/devtoo..., se:cdpVersion: 138.0.7204.183, setWindowRect: true, strictFileInteractability: false, timeouts: {implicit: 0, pageLoad: 300000, script: 30000}, unhandledPromptBehavior: dismiss and notify, webauthn:extension:credBlob: true, webauthn:extension:largeBlob: true, webauthn:extension:minPinLength: true, webauthn:extension:prf: true, webauthn:virtualAuthenticators: true}
Element: [[ChromeDriver: chrome on windows (a14493700c4ea1e150573dd393a855c1)] -> css selector: div.styledSelect.item-quantity]
Session ID: a14493700c4ea1e150573dd393a855c1
at java.base/jdk.internal.reflect.NativeConstructorAccessorImpl.newInstance0(Native Method)
at java.base/jdk.internal.reflect.NativeConstructorAccessorImpl.newInstance(NativeConstructorAccessorImpl.java:77)
at java.base/jdk.internal.reflect.DelegatingConstructorAccessorImpl.newInstance(DelegatingConstructorAccessorImpl.java:45)
at java.base/java.lang.reflect.Constructor.newInstanceWithCaller(Constructor.java:499)
at java.base/java.lang.reflect.Constructor.newInstance(Constructor.java:480)
at org.openqa.selenium.remote.ErrorCodec.decode(ErrorCodec.java:167)
at org.openqa.selenium.remote.codec.w3c.W3CHttpResponseCodec.decode(W3CHttpResponseCodec.java:138)
at org.openqa.selenium.remote.codec.w3c.W3CHttpResponseCodec.decode(W3CHttpResponseCodec.java:50)
at org.openqa.selenium.remote.HttpCommandExecutor.execute(HttpCommandExecutor.java:215)
at org.openqa.selenium.remote.service.DriverCommandExecutor.invokeExecute(DriverCommandExecutor.java:216)
at org.openqa.selenium.remote.service.DriverCommandExecutor.execute(DriverCommandExecutor.java:174)
at org.openqa.selenium.remote.RemoteWebDriver.execute(RemoteWebDriver.java:544)
at org.openqa.selenium.remote.RemoteWebElement.execute(RemoteWebElement.java:223)
at org.openqa.selenium.remote.RemoteWebElement.click(RemoteWebElement.java:76)
at com.SnapDeals.Tests.CartTest.incQuantity(CartTest.java:79)
at java.base/jdk.internal.reflect.NativeMethodAccessorImpl.invoke0(Native Method)
at java.base/jdk.internal.reflect.NativeMethodAccessorImpl.invoke(NativeMethodAccessorImpl.java:77)
at java.base/jdk.internal.reflect.DelegatingMethodAccessorImpl.invoke(DelegatingMethodAccessorImpl.java:43)
at java.base/java.lang.reflect.Method.invoke(Method.java:568)
at org.testng.internal.invokers.MethodInvocationHelper.invokeMethod(MethodInvocationHelper.java:141)
at org.testng.internal.invokers.TestInvoker.invokeMethod(TestInvoker.java:687)
at org.testng.internal.invokers.TestInvoker.invokeTestMethod(TestInvoker.java:230)
at org.testng.internal.invokers.MethodRunner.runInSequence(MethodRunner.java:63)
at org.testng.internal.invokers.TestInvoker$MethodInvocationAgent.invoke(TestInvoker.java:995)
at org.testng.internal.invokers.TestInvoker.invokeTestMethods(TestInvoker.java:203)
at org.testng.internal.invokers.TestMethodWorker.invokeTestMethods(TestMethodWorker.java:154)
at org.testng.internal.invokers.TestMethodWorker.run(TestMethodWorker.java:134)
at java.base/java.util.ArrayList.forEach(ArrayList.java:1511)
at org.testng.TestRunner.privateRun(TestRunner.java:741)
at org.testng.TestRunner.run(TestRunner.java:616)
at org.testng.SuiteRunner.runTest(SuiteRunner.java:421)
at org.testng.SuiteRunner.runSequentially(SuiteRunner.java:413)
at org.testng.SuiteRunner.privateRun(SuiteRunner.java:373)
at org.testng.SuiteRunner.run(SuiteRunner.java:312)
at org.testng.SuiteRunnerWorker.runSuite(SuiteRunnerWorker.java:52)
at org.testng.SuiteRunnerWorker.run(SuiteRunnerWorker.java:95)
at org.testng.TestNG.runSuitesSequentially(TestNG.java:1274)
at org.testng.TestNG.runSuitesLocally(TestNG.java:1208)
at org.testng.TestNG.runSuites(TestNG.java:1112)
at org.testng.TestNG.run(TestNG.java:1079)
at org.testng.remote.AbstractRemoteTestNG.run(AbstractRemoteTestNG.java:115)
at org.testng.remote.RemoteTestNG.initAndRun(RemoteTestNG.java:293)
at org.testng.remote.RemoteTestNG.main(RemoteTestNG.java:91)
]]>
            </full-stacktrace>
          </exception> <!-- org.openqa.selenium.StaleElementReferenceException -->
          <reporter-output>
          </reporter-output>
        </test-method> <!-- incQuantity -->
        <test-method is-config="true" signature="tearDown(org.testng.ITestResult)[pri:0, instance:com.SnapDeals.Tests.CartTest@2d2ffcb7]" started-at="2025-07-31T23:49:32 IST" name="tearDown" finished-at="2025-07-31T23:49:32 IST" duration-ms="140" status="PASS">
          <params>
            <param index="0">
              <value>
                <![CDATA[[TestResult name=incQuantity status=FAILURE method=CartTest.incQuantity()[pri:5, instance:com.SnapDeals.Tests.CartTest@2d2ffcb7] output={null}]]]>
              </value>
            </param>
          </params>
          <reporter-output>
          </reporter-output>
        </test-method> <!-- tearDown -->
        <test-method signature="proceed()[pri:6, instance:com.SnapDeals.Tests.CartTest@2d2ffcb7]" started-at="2025-07-31T23:49:32 IST" name="proceed" finished-at="2025-07-31T23:49:32 IST" duration-ms="107" status="PASS">
          <reporter-output>
          </reporter-output>
        </test-method> <!-- proceed -->
        <test-method is-config="true" signature="tearDown(org.testng.ITestResult)[pri:0, instance:com.SnapDeals.Tests.CartTest@2d2ffcb7]" started-at="2025-07-31T23:49:32 IST" name="tearDown" finished-at="2025-07-31T23:49:32 IST" duration-ms="8" status="PASS">
          <params>
            <param index="0">
              <value>
                <![CDATA[[TestResult name=proceed status=SUCCESS method=CartTest.proceed()[pri:6, instance:com.SnapDeals.Tests.CartTest@2d2ffcb7] output={null}]]]>
              </value>
            </param>
          </params>
          <reporter-output>
          </reporter-output>
        </test-method> <!-- tearDown -->
        <test-method is-config="true" signature="tearDown()[pri:0, instance:com.SnapDeals.Tests.CartTest@2d2ffcb7]" started-at="2025-07-31T23:49:32 IST" name="tearDown" finished-at="2025-07-31T23:49:33 IST" duration-ms="256" status="PASS">
          <reporter-output>
          </reporter-output>
        </test-method> <!-- tearDown -->
      </class> <!-- com.SnapDeals.Tests.CartTest -->
      <class name="com.SnapDeals.Tests.MenSelectionTest">
        <test-method is-config="true" signature="launchBrowser(java.lang.String)[pri:0, instance:com.SnapDeals.Tests.MenSelectionTest@63070bab]" started-at="2025-07-31T23:47:39 IST" name="launchBrowser" finished-at="2025-07-31T23:47:41 IST" duration-ms="2294" status="PASS">
          <params>
            <param index="0">
              <value>
                <![CDATA[chrome]]>
              </value>
            </param>
          </params>
          <reporter-output>
          </reporter-output>
        </test-method> <!-- launchBrowser -->
        <test-method is-config="true" signature="setupPage()[pri:0, instance:com.SnapDeals.Tests.MenSelectionTest@63070bab]" started-at="2025-07-31T23:47:41 IST" name="setupPage" finished-at="2025-07-31T23:47:41 IST" duration-ms="2" status="PASS">
          <reporter-output>
          </reporter-output>
        </test-method> <!-- setupPage -->
        <test-method signature="loginToSnapdeal()[pri:1, instance:com.SnapDeals.Tests.MenSelectionTest@63070bab]" started-at="2025-07-31T23:47:41 IST" name="loginToSnapdeal" finished-at="2025-07-31T23:48:22 IST" duration-ms="40548" status="PASS">
          <reporter-output>
          </reporter-output>
        </test-method> <!-- loginToSnapdeal -->
        <test-method is-config="true" signature="tearDown(org.testng.ITestResult)[pri:0, instance:com.SnapDeals.Tests.MenSelectionTest@63070bab]" started-at="2025-07-31T23:48:22 IST" name="tearDown" finished-at="2025-07-31T23:48:22 IST" duration-ms="33" status="PASS">
          <params>
            <param index="0">
              <value>
                <![CDATA[[TestResult name=loginToSnapdeal status=SUCCESS method=MenSelectionTest.loginToSnapdeal()[pri:1, instance:com.SnapDeals.Tests.MenSelectionTest@63070bab] output={null}]]]>
              </value>
            </param>
          </params>
          <reporter-output>
          </reporter-output>
        </test-method> <!-- tearDown -->
        <test-method signature="menSelectionCheck()[pri:2, instance:com.SnapDeals.Tests.MenSelectionTest@63070bab]" started-at="2025-07-31T23:48:22 IST" name="menSelectionCheck" finished-at="2025-07-31T23:48:29 IST" duration-ms="6693" status="PASS">
          <reporter-output>
          </reporter-output>
        </test-method> <!-- menSelectionCheck -->
        <test-method is-config="true" signature="tearDown(org.testng.ITestResult)[pri:0, instance:com.SnapDeals.Tests.MenSelectionTest@63070bab]" started-at="2025-07-31T23:48:29 IST" name="tearDown" finished-at="2025-07-31T23:48:29 IST" duration-ms="33" status="PASS">
          <params>
            <param index="0">
              <value>
                <![CDATA[[TestResult name=menSelectionCheck status=SUCCESS method=MenSelectionTest.menSelectionCheck()[pri:2, instance:com.SnapDeals.Tests.MenSelectionTest@63070bab] output={null}]]]>
              </value>
            </param>
          </params>
          <reporter-output>
          </reporter-output>
        </test-method> <!-- tearDown -->
        <test-method signature="zipFilterCheck()[pri:3, instance:com.SnapDeals.Tests.MenSelectionTest@63070bab]" started-at="2025-07-31T23:48:29 IST" name="zipFilterCheck" finished-at="2025-07-31T23:48:29 IST" duration-ms="663" status="PASS">
          <reporter-output>
          </reporter-output>
        </test-method> <!-- zipFilterCheck -->
        <test-method is-config="true" signature="tearDown(org.testng.ITestResult)[pri:0, instance:com.SnapDeals.Tests.MenSelectionTest@63070bab]" started-at="2025-07-31T23:48:29 IST" name="tearDown" finished-at="2025-07-31T23:48:29 IST" duration-ms="19" status="PASS">
          <params>
            <param index="0">
              <value>
                <![CDATA[[TestResult name=zipFilterCheck status=SUCCESS method=MenSelectionTest.zipFilterCheck()[pri:3, instance:com.SnapDeals.Tests.MenSelectionTest@63070bab] output={null}]]]>
              </value>
            </param>
          </params>
          <reporter-output>
          </reporter-output>
        </test-method> <!-- tearDown -->
        <test-method signature="selectDiscountCheck()[pri:4, instance:com.SnapDeals.Tests.MenSelectionTest@63070bab]" started-at="2025-07-31T23:48:29 IST" name="selectDiscountCheck" finished-at="2025-07-31T23:48:30 IST" duration-ms="960" status="PASS">
          <reporter-output>
          </reporter-output>
        </test-method> <!-- selectDiscountCheck -->
        <test-method is-config="true" signature="tearDown(org.testng.ITestResult)[pri:0, instance:com.SnapDeals.Tests.MenSelectionTest@63070bab]" started-at="2025-07-31T23:48:30 IST" name="tearDown" finished-at="2025-07-31T23:48:30 IST" duration-ms="41" status="PASS">
          <params>
            <param index="0">
              <value>
                <![CDATA[[TestResult name=selectDiscountCheck status=SUCCESS method=MenSelectionTest.selectDiscountCheck()[pri:4, instance:com.SnapDeals.Tests.MenSelectionTest@63070bab] output={null}]]]>
              </value>
            </param>
          </params>
          <reporter-output>
          </reporter-output>
        </test-method> <!-- tearDown -->
        <test-method signature="itemSelectionCheck()[pri:5, instance:com.SnapDeals.Tests.MenSelectionTest@63070bab]" started-at="2025-07-31T23:48:30 IST" name="itemSelectionCheck" finished-at="2025-07-31T23:48:33 IST" duration-ms="2902" status="PASS">
          <reporter-output>
          </reporter-output>
        </test-method> <!-- itemSelectionCheck -->
        <test-method is-config="true" signature="tearDown(org.testng.ITestResult)[pri:0, instance:com.SnapDeals.Tests.MenSelectionTest@63070bab]" started-at="2025-07-31T23:48:33 IST" name="tearDown" finished-at="2025-07-31T23:48:33 IST" duration-ms="13" status="PASS">
          <params>
            <param index="0">
              <value>
                <![CDATA[[TestResult name=itemSelectionCheck status=SUCCESS method=MenSelectionTest.itemSelectionCheck()[pri:5, instance:com.SnapDeals.Tests.MenSelectionTest@63070bab] output={null}]]]>
              </value>
            </param>
          </params>
          <reporter-output>
          </reporter-output>
        </test-method> <!-- tearDown -->
        <test-method signature="itemAddedToCartCheck()[pri:6, instance:com.SnapDeals.Tests.MenSelectionTest@63070bab]" started-at="2025-07-31T23:48:33 IST" name="itemAddedToCartCheck" finished-at="2025-07-31T23:48:35 IST" duration-ms="1349" status="PASS">
          <reporter-output>
          </reporter-output>
        </test-method> <!-- itemAddedToCartCheck -->
        <test-method is-config="true" signature="tearDown(org.testng.ITestResult)[pri:0, instance:com.SnapDeals.Tests.MenSelectionTest@63070bab]" started-at="2025-07-31T23:48:35 IST" name="tearDown" finished-at="2025-07-31T23:48:35 IST" duration-ms="30" status="PASS">
          <params>
            <param index="0">
              <value>
                <![CDATA[[TestResult name=itemAddedToCartCheck status=SUCCESS method=MenSelectionTest.itemAddedToCartCheck()[pri:6, instance:com.SnapDeals.Tests.MenSelectionTest@63070bab] output={null}]]]>
              </value>
            </param>
          </params>
          <reporter-output>
          </reporter-output>
        </test-method> <!-- tearDown -->
        <test-method is-config="true" signature="tearDown()[pri:0, instance:com.SnapDeals.Tests.MenSelectionTest@63070bab]" started-at="2025-07-31T23:48:35 IST" name="tearDown" finished-at="2025-07-31T23:48:35 IST" duration-ms="242" status="PASS">
          <reporter-output>
          </reporter-output>
        </test-method> <!-- tearDown -->
      </class> <!-- com.SnapDeals.Tests.MenSelectionTest -->
    </test> <!-- Test -->
  </suite> <!-- Suite -->
</testng-results>
